{"D:\\BILLING FIX\\myadamedia-billing\\services\\whatsappGatewayRunner.js": {"path":"D:\\BILLING FIX\\myadamedia-billing\\services\\whatsappGatewayRunner.js","statementMap":{"0":{"start":{"line":1,"column":18},"end":{"line":1,"column":42}},"1":{"start":{"line":2,"column":11},"end":{"line":2,"column":24}},"2":{"start":{"line":3,"column":13},"end":{"line":3,"column":28}},"3":{"start":{"line":4,"column":19},"end":{"line":4,"column":46}},"4":{"start":{"line":7,"column":20},"end":{"line":7,"column":46}},"5":{"start":{"line":10,"column":16},"end":{"line":10,"column":46}},"6":{"start":{"line":11,"column":23},"end":{"line":11,"column":60}},"7":{"start":{"line":13,"column":24},"end":{"line":13,"column":63}},"8":{"start":{"line":14,"column":28},"end":{"line":14,"column":80}},"9":{"start":{"line":17,"column":0},"end":{"line":17,"column":64}},"10":{"start":{"line":18,"column":23},"end":{"line":18,"column":28}},"11":{"start":{"line":30,"column":4},"end":{"line":32,"column":5}},"12":{"start":{"line":31,"column":6},"end":{"line":31,"column":20}},"13":{"start":{"line":33,"column":4},"end":{"line":35,"column":5}},"14":{"start":{"line":34,"column":6},"end":{"line":34,"column":25}},"15":{"start":{"line":36,"column":4},"end":{"line":36,"column":16}},"16":{"start":{"line":44,"column":4},"end":{"line":44,"column":48}},"17":{"start":{"line":52,"column":17},"end":{"line":52,"column":44}},"18":{"start":{"line":53,"column":4},"end":{"line":55,"column":5}},"19":{"start":{"line":54,"column":6},"end":{"line":54,"column":43}},"20":{"start":{"line":56,"column":4},"end":{"line":58,"column":5}},"21":{"start":{"line":57,"column":6},"end":{"line":57,"column":48}},"22":{"start":{"line":59,"column":4},"end":{"line":59,"column":17}},"23":{"start":{"line":68,"column":17},"end":{"line":68,"column":44}},"24":{"start":{"line":70,"column":4},"end":{"line":73,"column":5}},"25":{"start":{"line":71,"column":6},"end":{"line":71,"column":115}},"26":{"start":{"line":72,"column":6},"end":{"line":72,"column":19}},"27":{"start":{"line":75,"column":4},"end":{"line":84,"column":5}},"28":{"start":{"line":76,"column":6},"end":{"line":82,"column":7}},"29":{"start":{"line":77,"column":8},"end":{"line":77,"column":102}},"30":{"start":{"line":78,"column":8},"end":{"line":78,"column":106}},"31":{"start":{"line":80,"column":8},"end":{"line":80,"column":115}},"32":{"start":{"line":81,"column":8},"end":{"line":81,"column":115}},"33":{"start":{"line":83,"column":6},"end":{"line":83,"column":19}},"34":{"start":{"line":86,"column":4},"end":{"line":89,"column":5}},"35":{"start":{"line":87,"column":6},"end":{"line":87,"column":101}},"36":{"start":{"line":88,"column":6},"end":{"line":88,"column":18}},"37":{"start":{"line":91,"column":4},"end":{"line":181,"column":5}},"38":{"start":{"line":93,"column":24},"end":{"line":93,"column":53}},"39":{"start":{"line":94,"column":17},"end":{"line":94,"column":28}},"40":{"start":{"line":95,"column":6},"end":{"line":100,"column":7}},"41":{"start":{"line":96,"column":22},"end":{"line":96,"column":55}},"42":{"start":{"line":97,"column":8},"end":{"line":99,"column":9}},"43":{"start":{"line":98,"column":10},"end":{"line":98,"column":40}},"44":{"start":{"line":103,"column":16},"end":{"line":103,"column":34}},"45":{"start":{"line":104,"column":23},"end":{"line":104,"column":25}},"46":{"start":{"line":105,"column":23},"end":{"line":105,"column":25}},"47":{"start":{"line":106,"column":24},"end":{"line":106,"column":26}},"48":{"start":{"line":108,"column":6},"end":{"line":133,"column":7}},"49":{"start":{"line":109,"column":8},"end":{"line":109,"column":29}},"50":{"start":{"line":110,"column":8},"end":{"line":110,"column":36}},"51":{"start":{"line":111,"column":8},"end":{"line":111,"column":37}},"52":{"start":{"line":112,"column":8},"end":{"line":119,"column":10}},"53":{"start":{"line":121,"column":8},"end":{"line":121,"column":37}},"54":{"start":{"line":122,"column":8},"end":{"line":122,"column":41}},"55":{"start":{"line":123,"column":8},"end":{"line":123,"column":38}},"56":{"start":{"line":124,"column":8},"end":{"line":132,"column":10}},"57":{"start":{"line":135,"column":6},"end":{"line":135,"column":77}},"58":{"start":{"line":138,"column":20},"end":{"line":142,"column":8}},"59":{"start":{"line":144,"column":6},"end":{"line":144,"column":41}},"60":{"start":{"line":147,"column":6},"end":{"line":152,"column":9}},"61":{"start":{"line":148,"column":21},"end":{"line":148,"column":40}},"62":{"start":{"line":149,"column":8},"end":{"line":151,"column":9}},"63":{"start":{"line":150,"column":10},"end":{"line":150,"column":50}},"64":{"start":{"line":155,"column":6},"end":{"line":160,"column":9}},"65":{"start":{"line":156,"column":21},"end":{"line":156,"column":40}},"66":{"start":{"line":157,"column":8},"end":{"line":159,"column":9}},"67":{"start":{"line":158,"column":10},"end":{"line":158,"column":57}},"68":{"start":{"line":163,"column":6},"end":{"line":166,"column":9}},"69":{"start":{"line":164,"column":8},"end":{"line":164,"column":93}},"70":{"start":{"line":165,"column":8},"end":{"line":165,"column":42}},"71":{"start":{"line":168,"column":6},"end":{"line":171,"column":9}},"72":{"start":{"line":169,"column":8},"end":{"line":169,"column":88}},"73":{"start":{"line":170,"column":8},"end":{"line":170,"column":42}},"74":{"start":{"line":174,"column":6},"end":{"line":174,"column":34}},"75":{"start":{"line":176,"column":6},"end":{"line":176,"column":18}},"76":{"start":{"line":178,"column":6},"end":{"line":178,"column":94}},"77":{"start":{"line":179,"column":6},"end":{"line":179,"column":40}},"78":{"start":{"line":180,"column":6},"end":{"line":180,"column":19}},"79":{"start":{"line":189,"column":4},"end":{"line":191,"column":5}},"80":{"start":{"line":190,"column":6},"end":{"line":190,"column":19}},"81":{"start":{"line":193,"column":4},"end":{"line":208,"column":5}},"82":{"start":{"line":194,"column":6},"end":{"line":194,"column":88}},"83":{"start":{"line":197,"column":6},"end":{"line":201,"column":7}},"84":{"start":{"line":198,"column":8},"end":{"line":198,"column":80}},"85":{"start":{"line":200,"column":8},"end":{"line":200,"column":51}},"86":{"start":{"line":203,"column":6},"end":{"line":203,"column":40}},"87":{"start":{"line":204,"column":6},"end":{"line":204,"column":18}},"88":{"start":{"line":206,"column":6},"end":{"line":206,"column":91}},"89":{"start":{"line":207,"column":6},"end":{"line":207,"column":19}},"90":{"start":{"line":215,"column":4},"end":{"line":215,"column":33}},"91":{"start":{"line":215,"column":26},"end":{"line":215,"column":33}},"92":{"start":{"line":216,"column":4},"end":{"line":216,"column":28}},"93":{"start":{"line":218,"column":27},"end":{"line":233,"column":5}},"94":{"start":{"line":219,"column":6},"end":{"line":232,"column":7}},"95":{"start":{"line":220,"column":8},"end":{"line":230,"column":9}},"96":{"start":{"line":222,"column":10},"end":{"line":227,"column":11}},"97":{"start":{"line":223,"column":33},"end":{"line":223,"column":57}},"98":{"start":{"line":224,"column":12},"end":{"line":224,"column":99}},"99":{"start":{"line":226,"column":12},"end":{"line":226,"column":55}},"100":{"start":{"line":231,"column":8},"end":{"line":231,"column":42}},"101":{"start":{"line":236,"column":4},"end":{"line":236,"column":39}},"102":{"start":{"line":237,"column":4},"end":{"line":240,"column":7}},"103":{"start":{"line":238,"column":6},"end":{"line":238,"column":23}},"104":{"start":{"line":239,"column":6},"end":{"line":239,"column":22}},"105":{"start":{"line":241,"column":4},"end":{"line":244,"column":7}},"106":{"start":{"line":242,"column":6},"end":{"line":242,"column":23}},"107":{"start":{"line":243,"column":6},"end":{"line":243,"column":22}},"108":{"start":{"line":245,"column":4},"end":{"line":249,"column":7}},"109":{"start":{"line":246,"column":6},"end":{"line":246,"column":71}},"110":{"start":{"line":247,"column":6},"end":{"line":247,"column":23}},"111":{"start":{"line":248,"column":6},"end":{"line":248,"column":22}},"112":{"start":{"line":253,"column":0},"end":{"line":253,"column":39}}},"fnMap":{"0":{"name":"(anonymous_0)","decl":{"start":{"line":29,"column":2},"end":{"line":29,"column":3}},"loc":{"start":{"line":29,"column":32},"end":{"line":37,"column":3}},"line":29},"1":{"name":"(anonymous_1)","decl":{"start":{"line":43,"column":2},"end":{"line":43,"column":3}},"loc":{"start":{"line":43,"column":23},"end":{"line":45,"column":3}},"line":43},"2":{"name":"(anonymous_2)","decl":{"start":{"line":51,"column":2},"end":{"line":51,"column":3}},"loc":{"start":{"line":51,"column":22},"end":{"line":60,"column":3}},"line":51},"3":{"name":"(anonymous_3)","decl":{"start":{"line":67,"column":2},"end":{"line":67,"column":3}},"loc":{"start":{"line":67,"column":30},"end":{"line":182,"column":3}},"line":67},"4":{"name":"(anonymous_4)","decl":{"start":{"line":147,"column":30},"end":{"line":147,"column":31}},"loc":{"start":{"line":147,"column":40},"end":{"line":152,"column":7}},"line":147},"5":{"name":"(anonymous_5)","decl":{"start":{"line":155,"column":30},"end":{"line":155,"column":31}},"loc":{"start":{"line":155,"column":40},"end":{"line":160,"column":7}},"line":155},"6":{"name":"(anonymous_6)","decl":{"start":{"line":163,"column":24},"end":{"line":163,"column":25}},"loc":{"start":{"line":163,"column":34},"end":{"line":166,"column":7}},"line":163},"7":{"name":"(anonymous_7)","decl":{"start":{"line":168,"column":24},"end":{"line":168,"column":25}},"loc":{"start":{"line":168,"column":33},"end":{"line":171,"column":7}},"line":168},"8":{"name":"(anonymous_8)","decl":{"start":{"line":188,"column":2},"end":{"line":188,"column":3}},"loc":{"start":{"line":188,"column":16},"end":{"line":209,"column":3}},"line":188},"9":{"name":"(anonymous_9)","decl":{"start":{"line":214,"column":2},"end":{"line":214,"column":3}},"loc":{"start":{"line":214,"column":32},"end":{"line":250,"column":3}},"line":214},"10":{"name":"(anonymous_10)","decl":{"start":{"line":218,"column":27},"end":{"line":218,"column":28}},"loc":{"start":{"line":218,"column":33},"end":{"line":233,"column":5}},"line":218},"11":{"name":"(anonymous_11)","decl":{"start":{"line":237,"column":25},"end":{"line":237,"column":26}},"loc":{"start":{"line":237,"column":31},"end":{"line":240,"column":5}},"line":237},"12":{"name":"(anonymous_12)","decl":{"start":{"line":241,"column":26},"end":{"line":241,"column":27}},"loc":{"start":{"line":241,"column":32},"end":{"line":244,"column":5}},"line":241},"13":{"name":"(anonymous_13)","decl":{"start":{"line":245,"column":36},"end":{"line":245,"column":37}},"loc":{"start":{"line":245,"column":45},"end":{"line":249,"column":5}},"line":245}},"branchMap":{"0":{"loc":{"start":{"line":17,"column":29},"end":{"line":17,"column":63}},"type":"binary-expr","locations":[{"start":{"line":17,"column":29},"end":{"line":17,"column":55}},{"start":{"line":17,"column":59},"end":{"line":17,"column":63}}],"line":17},"1":{"loc":{"start":{"line":30,"column":4},"end":{"line":32,"column":5}},"type":"if","locations":[{"start":{"line":30,"column":4},"end":{"line":32,"column":5}},{"start":{},"end":{}}],"line":30},"2":{"loc":{"start":{"line":33,"column":4},"end":{"line":35,"column":5}},"type":"if","locations":[{"start":{"line":33,"column":4},"end":{"line":35,"column":5}},{"start":{},"end":{}}],"line":33},"3":{"loc":{"start":{"line":53,"column":4},"end":{"line":55,"column":5}},"type":"if","locations":[{"start":{"line":53,"column":4},"end":{"line":55,"column":5}},{"start":{},"end":{}}],"line":53},"4":{"loc":{"start":{"line":56,"column":4},"end":{"line":58,"column":5}},"type":"if","locations":[{"start":{"line":56,"column":4},"end":{"line":58,"column":5}},{"start":{},"end":{}}],"line":56},"5":{"loc":{"start":{"line":70,"column":4},"end":{"line":73,"column":5}},"type":"if","locations":[{"start":{"line":70,"column":4},"end":{"line":73,"column":5}},{"start":{},"end":{}}],"line":70},"6":{"loc":{"start":{"line":75,"column":4},"end":{"line":84,"column":5}},"type":"if","locations":[{"start":{"line":75,"column":4},"end":{"line":84,"column":5}},{"start":{},"end":{}}],"line":75},"7":{"loc":{"start":{"line":76,"column":6},"end":{"line":82,"column":7}},"type":"if","locations":[{"start":{"line":76,"column":6},"end":{"line":82,"column":7}},{"start":{"line":79,"column":13},"end":{"line":82,"column":7}}],"line":76},"8":{"loc":{"start":{"line":86,"column":4},"end":{"line":89,"column":5}},"type":"if","locations":[{"start":{"line":86,"column":4},"end":{"line":89,"column":5}},{"start":{},"end":{}}],"line":86},"9":{"loc":{"start":{"line":93,"column":24},"end":{"line":93,"column":53}},"type":"cond-expr","locations":[{"start":{"line":93,"column":42},"end":{"line":93,"column":46}},{"start":{"line":93,"column":49},"end":{"line":93,"column":53}}],"line":93},"10":{"loc":{"start":{"line":95,"column":6},"end":{"line":100,"column":7}},"type":"if","locations":[{"start":{"line":95,"column":6},"end":{"line":100,"column":7}},{"start":{},"end":{}}],"line":95},"11":{"loc":{"start":{"line":97,"column":8},"end":{"line":99,"column":9}},"type":"if","locations":[{"start":{"line":97,"column":8},"end":{"line":99,"column":9}},{"start":{},"end":{}}],"line":97},"12":{"loc":{"start":{"line":97,"column":12},"end":{"line":97,"column":29}},"type":"binary-expr","locations":[{"start":{"line":97,"column":12},"end":{"line":97,"column":17}},{"start":{"line":97,"column":21},"end":{"line":97,"column":29}}],"line":97},"13":{"loc":{"start":{"line":108,"column":6},"end":{"line":133,"column":7}},"type":"if","locations":[{"start":{"line":108,"column":6},"end":{"line":133,"column":7}},{"start":{"line":120,"column":13},"end":{"line":133,"column":7}}],"line":108},"14":{"loc":{"start":{"line":115,"column":28},"end":{"line":115,"column":54}},"type":"binary-expr","locations":[{"start":{"line":115,"column":28},"end":{"line":115,"column":48}},{"start":{"line":115,"column":52},"end":{"line":115,"column":54}}],"line":115},"15":{"loc":{"start":{"line":116,"column":24},"end":{"line":116,"column":50}},"type":"binary-expr","locations":[{"start":{"line":116,"column":24},"end":{"line":116,"column":44}},{"start":{"line":116,"column":48},"end":{"line":116,"column":50}}],"line":116},"16":{"loc":{"start":{"line":117,"column":33},"end":{"line":117,"column":59}},"type":"binary-expr","locations":[{"start":{"line":117,"column":33},"end":{"line":117,"column":53}},{"start":{"line":117,"column":57},"end":{"line":117,"column":59}}],"line":117},"17":{"loc":{"start":{"line":128,"column":22},"end":{"line":128,"column":69}},"type":"binary-expr","locations":[{"start":{"line":128,"column":22},"end":{"line":128,"column":39}},{"start":{"line":128,"column":43},"end":{"line":128,"column":69}}],"line":128},"18":{"loc":{"start":{"line":129,"column":24},"end":{"line":129,"column":50}},"type":"binary-expr","locations":[{"start":{"line":129,"column":24},"end":{"line":129,"column":44}},{"start":{"line":129,"column":48},"end":{"line":129,"column":50}}],"line":129},"19":{"loc":{"start":{"line":130,"column":34},"end":{"line":130,"column":60}},"type":"binary-expr","locations":[{"start":{"line":130,"column":34},"end":{"line":130,"column":54}},{"start":{"line":130,"column":58},"end":{"line":130,"column":60}}],"line":130},"20":{"loc":{"start":{"line":149,"column":8},"end":{"line":151,"column":9}},"type":"if","locations":[{"start":{"line":149,"column":8},"end":{"line":151,"column":9}},{"start":{},"end":{}}],"line":149},"21":{"loc":{"start":{"line":157,"column":8},"end":{"line":159,"column":9}},"type":"if","locations":[{"start":{"line":157,"column":8},"end":{"line":159,"column":9}},{"start":{},"end":{}}],"line":157},"22":{"loc":{"start":{"line":189,"column":4},"end":{"line":191,"column":5}},"type":"if","locations":[{"start":{"line":189,"column":4},"end":{"line":191,"column":5}},{"start":{},"end":{}}],"line":189},"23":{"loc":{"start":{"line":197,"column":6},"end":{"line":201,"column":7}},"type":"if","locations":[{"start":{"line":197,"column":6},"end":{"line":201,"column":7}},{"start":{"line":199,"column":13},"end":{"line":201,"column":7}}],"line":197},"24":{"loc":{"start":{"line":215,"column":4},"end":{"line":215,"column":33}},"type":"if","locations":[{"start":{"line":215,"column":4},"end":{"line":215,"column":33}},{"start":{},"end":{}}],"line":215},"25":{"loc":{"start":{"line":219,"column":6},"end":{"line":232,"column":7}},"type":"if","locations":[{"start":{"line":219,"column":6},"end":{"line":232,"column":7}},{"start":{},"end":{}}],"line":219},"26":{"loc":{"start":{"line":222,"column":10},"end":{"line":227,"column":11}},"type":"if","locations":[{"start":{"line":222,"column":10},"end":{"line":227,"column":11}},{"start":{"line":225,"column":17},"end":{"line":227,"column":11}}],"line":222}},"s":{"0":1,"1":1,"2":1,"3":1,"4":1,"5":1,"6":1,"7":1,"8":1,"9":1,"10":1,"11":41,"12":28,"13":13,"14":9,"15":4,"16":2,"17":20,"18":20,"19":14,"20":6,"21":5,"22":1,"23":16,"24":16,"25":1,"26":1,"27":15,"28":2,"29":1,"30":1,"31":1,"32":1,"33":2,"34":13,"35":1,"36":1,"37":12,"38":12,"39":12,"40":12,"41":10,"42":10,"43":9,"44":12,"45":12,"46":12,"47":12,"48":12,"49":10,"50":10,"51":10,"52":10,"53":2,"54":2,"55":2,"56":2,"57":12,"58":12,"59":11,"60":11,"61":2,"62":2,"63":1,"64":11,"65":2,"66":2,"67":1,"68":11,"69":1,"70":1,"71":11,"72":1,"73":1,"74":11,"75":11,"76":1,"77":1,"78":1,"79":4,"80":1,"81":3,"82":3,"83":3,"84":1,"85":2,"86":2,"87":2,"88":1,"89":1,"90":11,"91":10,"92":1,"93":1,"94":7,"95":6,"96":6,"97":1,"98":1,"99":5,"100":6,"101":1,"102":1,"103":1,"104":1,"105":1,"106":1,"107":1,"108":1,"109":1,"110":1,"111":1,"112":1},"f":{"0":41,"1":2,"2":20,"3":16,"4":2,"5":2,"6":1,"7":1,"8":4,"9":11,"10":7,"11":1,"12":1,"13":1},"b":{"0":[1,1],"1":[28,13],"2":[9,4],"3":[14,6],"4":[5,1],"5":[1,15],"6":[2,13],"7":[1,1],"8":[1,12],"9":[10,2],"10":[10,2],"11":[9,1],"12":[10,9],"13":[10,2],"14":[10,1],"15":[10,1],"16":[10,1],"17":[2,1],"18":[2,1],"19":[2,1],"20":[1,1],"21":[1,1],"22":[1,3],"23":[1,2],"24":[10,1],"25":[6,1],"26":[1,5]},"_coverageSchema":"1a1c01bbd47fc00a2c39e90264f33305004495a9","hash":"1fe0927491d4194b9922b577c754f649e65a3c33"}
}
