{"D:\\WEBAPP\\MyAdamedia ALL\\myadamedia-billing\\config\\settingsAudit.js": {"path":"D:\\WEBAPP\\MyAdamedia ALL\\myadamedia-billing\\config\\settingsAudit.js","statementMap":{"0":{"start":{"line":5,"column":11},"end":{"line":5,"column":24}},"1":{"start":{"line":6,"column":13},"end":{"line":6,"column":28}},"2":{"start":{"line":7,"column":19},"end":{"line":7,"column":38}},"3":{"start":{"line":8,"column":40},"end":{"line":8,"column":71}},"4":{"start":{"line":10,"column":22},"end":{"line":10,"column":68}},"5":{"start":{"line":11,"column":23},"end":{"line":11,"column":73}},"6":{"start":{"line":14,"column":0},"end":{"line":16,"column":1}},"7":{"start":{"line":15,"column":2},"end":{"line":15,"column":51}},"8":{"start":{"line":22,"column":2},"end":{"line":59,"column":3}},"9":{"start":{"line":23,"column":22},"end":{"line":23,"column":46}},"10":{"start":{"line":26,"column":26},"end":{"line":26,"column":28}},"11":{"start":{"line":27,"column":4},"end":{"line":36,"column":7}},"12":{"start":{"line":28,"column":6},"end":{"line":35,"column":7}},"13":{"start":{"line":29,"column":8},"end":{"line":32,"column":10}},"14":{"start":{"line":34,"column":8},"end":{"line":34,"column":46}},"15":{"start":{"line":38,"column":21},"end":{"line":45,"column":5}},"16":{"start":{"line":48,"column":4},"end":{"line":48,"column":80}},"17":{"start":{"line":50,"column":4},"end":{"line":53,"column":7}},"18":{"start":{"line":55,"column":4},"end":{"line":55,"column":16}},"19":{"start":{"line":57,"column":4},"end":{"line":57,"column":85}},"20":{"start":{"line":58,"column":4},"end":{"line":58,"column":17}},"21":{"start":{"line":66,"column":2},"end":{"line":77,"column":3}},"22":{"start":{"line":67,"column":4},"end":{"line":67,"column":50}},"23":{"start":{"line":67,"column":40},"end":{"line":67,"column":50}},"24":{"start":{"line":69,"column":18},"end":{"line":69,"column":92}},"25":{"start":{"line":69,"column":83},"end":{"line":69,"column":91}},"26":{"start":{"line":70,"column":20},"end":{"line":70,"column":55}},"27":{"start":{"line":70,"column":38},"end":{"line":70,"column":54}},"28":{"start":{"line":73,"column":4},"end":{"line":73,"column":43}},"29":{"start":{"line":75,"column":4},"end":{"line":75,"column":84}},"30":{"start":{"line":76,"column":4},"end":{"line":76,"column":14}},"31":{"start":{"line":84,"column":2},"end":{"line":90,"column":3}},"32":{"start":{"line":85,"column":20},"end":{"line":85,"column":42}},"33":{"start":{"line":86,"column":4},"end":{"line":86,"column":74}},"34":{"start":{"line":86,"column":35},"end":{"line":86,"column":56}},"35":{"start":{"line":88,"column":4},"end":{"line":88,"column":80}},"36":{"start":{"line":89,"column":4},"end":{"line":89,"column":14}},"37":{"start":{"line":97,"column":2},"end":{"line":103,"column":3}},"38":{"start":{"line":98,"column":20},"end":{"line":98,"column":42}},"39":{"start":{"line":99,"column":4},"end":{"line":99,"column":73}},"40":{"start":{"line":99,"column":35},"end":{"line":99,"column":55}},"41":{"start":{"line":101,"column":4},"end":{"line":101,"column":80}},"42":{"start":{"line":102,"column":4},"end":{"line":102,"column":14}},"43":{"start":{"line":110,"column":2},"end":{"line":122,"column":3}},"44":{"start":{"line":111,"column":20},"end":{"line":111,"column":42}},"45":{"start":{"line":112,"column":18},"end":{"line":112,"column":47}},"46":{"start":{"line":113,"column":16},"end":{"line":113,"column":43}},"47":{"start":{"line":115,"column":4},"end":{"line":118,"column":23}},"48":{"start":{"line":116,"column":24},"end":{"line":116,"column":59}},"49":{"start":{"line":117,"column":6},"end":{"line":117,"column":52}},"50":{"start":{"line":120,"column":4},"end":{"line":120,"column":85}},"51":{"start":{"line":121,"column":4},"end":{"line":121,"column":14}},"52":{"start":{"line":129,"column":2},"end":{"line":166,"column":3}},"53":{"start":{"line":130,"column":20},"end":{"line":130,"column":43}},"54":{"start":{"line":132,"column":4},"end":{"line":155,"column":5}},"55":{"start":{"line":134,"column":22},"end":{"line":134,"column":85}},"56":{"start":{"line":135,"column":19},"end":{"line":135,"column":21}},"57":{"start":{"line":137,"column":6},"end":{"line":148,"column":9}},"58":{"start":{"line":138,"column":8},"end":{"line":147,"column":11}},"59":{"start":{"line":139,"column":10},"end":{"line":146,"column":13}},"60":{"start":{"line":150,"column":6},"end":{"line":154,"column":8}},"61":{"start":{"line":153,"column":44},"end":{"line":153,"column":57}},"62":{"start":{"line":158,"column":4},"end":{"line":162,"column":6}},"63":{"start":{"line":164,"column":4},"end":{"line":164,"column":81}},"64":{"start":{"line":165,"column":4},"end":{"line":165,"column":16}},"65":{"start":{"line":173,"column":2},"end":{"line":196,"column":3}},"66":{"start":{"line":174,"column":4},"end":{"line":174,"column":47}},"67":{"start":{"line":174,"column":40},"end":{"line":174,"column":47}},"68":{"start":{"line":176,"column":18},"end":{"line":176,"column":92}},"69":{"start":{"line":176,"column":83},"end":{"line":176,"column":91}},"70":{"start":{"line":177,"column":23},"end":{"line":177,"column":33}},"71":{"start":{"line":178,"column":4},"end":{"line":178,"column":58}},"72":{"start":{"line":180,"column":24},"end":{"line":187,"column":6}},"73":{"start":{"line":181,"column":6},"end":{"line":186,"column":7}},"74":{"start":{"line":182,"column":22},"end":{"line":182,"column":38}},"75":{"start":{"line":183,"column":8},"end":{"line":183,"column":54}},"76":{"start":{"line":185,"column":8},"end":{"line":185,"column":21}},"77":{"start":{"line":189,"column":4},"end":{"line":189,"column":77}},"78":{"start":{"line":191,"column":4},"end":{"line":191,"column":89}},"79":{"start":{"line":192,"column":4},"end":{"line":192,"column":16}},"80":{"start":{"line":194,"column":4},"end":{"line":194,"column":79}},"81":{"start":{"line":195,"column":4},"end":{"line":195,"column":17}},"82":{"start":{"line":203,"column":2},"end":{"line":232,"column":3}},"83":{"start":{"line":204,"column":20},"end":{"line":204,"column":43}},"84":{"start":{"line":206,"column":18},"end":{"line":213,"column":5}},"85":{"start":{"line":208,"column":45},"end":{"line":208,"column":52}},"86":{"start":{"line":215,"column":4},"end":{"line":224,"column":7}},"87":{"start":{"line":217,"column":6},"end":{"line":217,"column":87}},"88":{"start":{"line":220,"column":6},"end":{"line":223,"column":9}},"89":{"start":{"line":221,"column":8},"end":{"line":221,"column":39}},"90":{"start":{"line":222,"column":8},"end":{"line":222,"column":77}},"91":{"start":{"line":226,"column":4},"end":{"line":226,"column":58}},"92":{"start":{"line":228,"column":4},"end":{"line":228,"column":17}},"93":{"start":{"line":230,"column":4},"end":{"line":230,"column":81}},"94":{"start":{"line":231,"column":4},"end":{"line":231,"column":16}},"95":{"start":{"line":235,"column":0},"end":{"line":245,"column":2}}},"fnMap":{"0":{"name":"logSettingsChange","decl":{"start":{"line":21,"column":9},"end":{"line":21,"column":26}},"loc":{"start":{"line":21,"column":58},"end":{"line":60,"column":1}},"line":21},"1":{"name":"(anonymous_1)","decl":{"start":{"line":27,"column":33},"end":{"line":27,"column":34}},"loc":{"start":{"line":27,"column":42},"end":{"line":36,"column":5}},"line":27},"2":{"name":"getChangeHistory","decl":{"start":{"line":65,"column":9},"end":{"line":65,"column":25}},"loc":{"start":{"line":65,"column":39},"end":{"line":78,"column":1}},"line":65},"3":{"name":"(anonymous_3)","decl":{"start":{"line":69,"column":78},"end":{"line":69,"column":79}},"loc":{"start":{"line":69,"column":83},"end":{"line":69,"column":91}},"line":69},"4":{"name":"(anonymous_4)","decl":{"start":{"line":70,"column":30},"end":{"line":70,"column":31}},"loc":{"start":{"line":70,"column":38},"end":{"line":70,"column":54}},"line":70},"5":{"name":"getChangesByActor","decl":{"start":{"line":83,"column":9},"end":{"line":83,"column":26}},"loc":{"start":{"line":83,"column":46},"end":{"line":91,"column":1}},"line":83},"6":{"name":"(anonymous_6)","decl":{"start":{"line":86,"column":26},"end":{"line":86,"column":27}},"loc":{"start":{"line":86,"column":35},"end":{"line":86,"column":56}},"line":86},"7":{"name":"getChangesByField","decl":{"start":{"line":96,"column":9},"end":{"line":96,"column":26}},"loc":{"start":{"line":96,"column":46},"end":{"line":104,"column":1}},"line":96},"8":{"name":"(anonymous_8)","decl":{"start":{"line":99,"column":26},"end":{"line":99,"column":27}},"loc":{"start":{"line":99,"column":35},"end":{"line":99,"column":55}},"line":99},"9":{"name":"getChangesByDateRange","decl":{"start":{"line":109,"column":9},"end":{"line":109,"column":30}},"loc":{"start":{"line":109,"column":64},"end":{"line":123,"column":1}},"line":109},"10":{"name":"(anonymous_10)","decl":{"start":{"line":115,"column":26},"end":{"line":115,"column":27}},"loc":{"start":{"line":115,"column":35},"end":{"line":118,"column":5}},"line":115},"11":{"name":"exportAuditLog","decl":{"start":{"line":128,"column":9},"end":{"line":128,"column":23}},"loc":{"start":{"line":128,"column":41},"end":{"line":167,"column":1}},"line":128},"12":{"name":"(anonymous_12)","decl":{"start":{"line":137,"column":22},"end":{"line":137,"column":23}},"loc":{"start":{"line":137,"column":31},"end":{"line":148,"column":7}},"line":137},"13":{"name":"(anonymous_13)","decl":{"start":{"line":138,"column":43},"end":{"line":138,"column":44}},"loc":{"start":{"line":138,"column":52},"end":{"line":147,"column":9}},"line":138},"14":{"name":"(anonymous_14)","decl":{"start":{"line":153,"column":37},"end":{"line":153,"column":38}},"loc":{"start":{"line":153,"column":44},"end":{"line":153,"column":57}},"line":153},"15":{"name":"clearOldLogs","decl":{"start":{"line":172,"column":9},"end":{"line":172,"column":21}},"loc":{"start":{"line":172,"column":39},"end":{"line":197,"column":1}},"line":172},"16":{"name":"(anonymous_16)","decl":{"start":{"line":176,"column":78},"end":{"line":176,"column":79}},"loc":{"start":{"line":176,"column":83},"end":{"line":176,"column":91}},"line":176},"17":{"name":"(anonymous_17)","decl":{"start":{"line":180,"column":37},"end":{"line":180,"column":38}},"loc":{"start":{"line":180,"column":45},"end":{"line":187,"column":5}},"line":180},"18":{"name":"getAuditStats","decl":{"start":{"line":202,"column":9},"end":{"line":202,"column":22}},"loc":{"start":{"line":202,"column":25},"end":{"line":233,"column":1}},"line":202},"19":{"name":"(anonymous_19)","decl":{"start":{"line":208,"column":40},"end":{"line":208,"column":41}},"loc":{"start":{"line":208,"column":45},"end":{"line":208,"column":52}},"line":208},"20":{"name":"(anonymous_20)","decl":{"start":{"line":215,"column":20},"end":{"line":215,"column":21}},"loc":{"start":{"line":215,"column":29},"end":{"line":224,"column":5}},"line":215},"21":{"name":"(anonymous_21)","decl":{"start":{"line":220,"column":41},"end":{"line":220,"column":42}},"loc":{"start":{"line":220,"column":50},"end":{"line":223,"column":7}},"line":220}},"branchMap":{"0":{"loc":{"start":{"line":14,"column":0},"end":{"line":16,"column":1}},"type":"if","locations":[{"start":{"line":14,"column":0},"end":{"line":16,"column":1}},{"start":{},"end":{}}],"line":14},"1":{"loc":{"start":{"line":21,"column":43},"end":{"line":21,"column":56}},"type":"default-arg","locations":[{"start":{"line":21,"column":54},"end":{"line":21,"column":56}}],"line":21},"2":{"loc":{"start":{"line":28,"column":6},"end":{"line":35,"column":7}},"type":"if","locations":[{"start":{"line":28,"column":6},"end":{"line":35,"column":7}},{"start":{"line":33,"column":13},"end":{"line":35,"column":7}}],"line":28},"3":{"loc":{"start":{"line":40,"column":13},"end":{"line":40,"column":30}},"type":"binary-expr","locations":[{"start":{"line":40,"column":13},"end":{"line":40,"column":18}},{"start":{"line":40,"column":22},"end":{"line":40,"column":30}}],"line":40},"4":{"loc":{"start":{"line":42,"column":10},"end":{"line":42,"column":34}},"type":"binary-expr","locations":[{"start":{"line":42,"column":10},"end":{"line":42,"column":21}},{"start":{"line":42,"column":25},"end":{"line":42,"column":34}}],"line":42},"5":{"loc":{"start":{"line":43,"column":17},"end":{"line":43,"column":48}},"type":"binary-expr","locations":[{"start":{"line":43,"column":17},"end":{"line":43,"column":35}},{"start":{"line":43,"column":39},"end":{"line":43,"column":48}}],"line":43},"6":{"loc":{"start":{"line":65,"column":26},"end":{"line":65,"column":37}},"type":"default-arg","locations":[{"start":{"line":65,"column":34},"end":{"line":65,"column":37}}],"line":65},"7":{"loc":{"start":{"line":67,"column":4},"end":{"line":67,"column":50}},"type":"if","locations":[{"start":{"line":67,"column":4},"end":{"line":67,"column":50}},{"start":{},"end":{}}],"line":67},"8":{"loc":{"start":{"line":83,"column":34},"end":{"line":83,"column":44}},"type":"default-arg","locations":[{"start":{"line":83,"column":42},"end":{"line":83,"column":44}}],"line":83},"9":{"loc":{"start":{"line":96,"column":34},"end":{"line":96,"column":44}},"type":"default-arg","locations":[{"start":{"line":96,"column":42},"end":{"line":96,"column":44}}],"line":96},"10":{"loc":{"start":{"line":109,"column":51},"end":{"line":109,"column":62}},"type":"default-arg","locations":[{"start":{"line":109,"column":59},"end":{"line":109,"column":62}}],"line":109},"11":{"loc":{"start":{"line":117,"column":13},"end":{"line":117,"column":51}},"type":"binary-expr","locations":[{"start":{"line":117,"column":13},"end":{"line":117,"column":31}},{"start":{"line":117,"column":35},"end":{"line":117,"column":51}}],"line":117},"12":{"loc":{"start":{"line":128,"column":24},"end":{"line":128,"column":39}},"type":"default-arg","locations":[{"start":{"line":128,"column":33},"end":{"line":128,"column":39}}],"line":128},"13":{"loc":{"start":{"line":132,"column":4},"end":{"line":155,"column":5}},"type":"if","locations":[{"start":{"line":132,"column":4},"end":{"line":155,"column":5}},{"start":{},"end":{}}],"line":132},"14":{"loc":{"start":{"line":172,"column":22},"end":{"line":172,"column":37}},"type":"default-arg","locations":[{"start":{"line":172,"column":35},"end":{"line":172,"column":37}}],"line":172},"15":{"loc":{"start":{"line":174,"column":4},"end":{"line":174,"column":47}},"type":"if","locations":[{"start":{"line":174,"column":4},"end":{"line":174,"column":47}},{"start":{},"end":{}}],"line":174},"16":{"loc":{"start":{"line":212,"column":18},"end":{"line":212,"column":36}},"type":"binary-expr","locations":[{"start":{"line":212,"column":18},"end":{"line":212,"column":28}},{"start":{"line":212,"column":32},"end":{"line":212,"column":36}}],"line":212},"17":{"loc":{"start":{"line":217,"column":43},"end":{"line":217,"column":81}},"type":"binary-expr","locations":[{"start":{"line":217,"column":43},"end":{"line":217,"column":76}},{"start":{"line":217,"column":80},"end":{"line":217,"column":81}}],"line":217},"18":{"loc":{"start":{"line":222,"column":39},"end":{"line":222,"column":71}},"type":"binary-expr","locations":[{"start":{"line":222,"column":39},"end":{"line":222,"column":66}},{"start":{"line":222,"column":70},"end":{"line":222,"column":71}}],"line":222}},"s":{"0":0,"1":0,"2":0,"3":0,"4":0,"5":0,"6":0,"7":0,"8":0,"9":0,"10":0,"11":0,"12":0,"13":0,"14":0,"15":0,"16":0,"17":0,"18":0,"19":0,"20":0,"21":0,"22":0,"23":0,"24":0,"25":0,"26":0,"27":0,"28":0,"29":0,"30":0,"31":0,"32":0,"33":0,"34":0,"35":0,"36":0,"37":0,"38":0,"39":0,"40":0,"41":0,"42":0,"43":0,"44":0,"45":0,"46":0,"47":0,"48":0,"49":0,"50":0,"51":0,"52":0,"53":0,"54":0,"55":0,"56":0,"57":0,"58":0,"59":0,"60":0,"61":0,"62":0,"63":0,"64":0,"65":0,"66":0,"67":0,"68":0,"69":0,"70":0,"71":0,"72":0,"73":0,"74":0,"75":0,"76":0,"77":0,"78":0,"79":0,"80":0,"81":0,"82":0,"83":0,"84":0,"85":0,"86":0,"87":0,"88":0,"89":0,"90":0,"91":0,"92":0,"93":0,"94":0,"95":0},"f":{"0":0,"1":0,"2":0,"3":0,"4":0,"5":0,"6":0,"7":0,"8":0,"9":0,"10":0,"11":0,"12":0,"13":0,"14":0,"15":0,"16":0,"17":0,"18":0,"19":0,"20":0,"21":0},"b":{"0":[0,0],"1":[0],"2":[0,0],"3":[0,0],"4":[0,0],"5":[0,0],"6":[0],"7":[0,0],"8":[0],"9":[0],"10":[0],"11":[0,0],"12":[0],"13":[0,0],"14":[0],"15":[0,0],"16":[0,0],"17":[0,0],"18":[0,0]}}
,"D:\\WEBAPP\\MyAdamedia ALL\\myadamedia-billing\\config\\settingsEncryption.js": {"path":"D:\\WEBAPP\\MyAdamedia ALL\\myadamedia-billing\\config\\settingsEncryption.js","statementMap":{"0":{"start":{"line":5,"column":15},"end":{"line":5,"column":32}},"1":{"start":{"line":6,"column":19},"end":{"line":6,"column":38}},"2":{"start":{"line":10,"column":19},"end":{"line":10,"column":100}},"3":{"start":{"line":13,"column":15},"end":{"line":13,"column":42}},"4":{"start":{"line":14,"column":2},"end":{"line":14,"column":22}},"5":{"start":{"line":15,"column":2},"end":{"line":15,"column":23}},"6":{"start":{"line":20,"column":2},"end":{"line":20,"column":43}},"7":{"start":{"line":24,"column":25},"end":{"line":36,"column":1}},"8":{"start":{"line":42,"column":2},"end":{"line":42,"column":56}},"9":{"start":{"line":42,"column":43},"end":{"line":42,"column":56}},"10":{"start":{"line":44,"column":2},"end":{"line":59,"column":3}},"11":{"start":{"line":45,"column":22},"end":{"line":45,"column":36}},"12":{"start":{"line":46,"column":15},"end":{"line":46,"column":37}},"13":{"start":{"line":47,"column":19},"end":{"line":47,"column":70}},"14":{"start":{"line":49,"column":20},"end":{"line":49,"column":55}},"15":{"start":{"line":50,"column":4},"end":{"line":50,"column":37}},"16":{"start":{"line":52,"column":20},"end":{"line":52,"column":39}},"17":{"start":{"line":55,"column":4},"end":{"line":55,"column":79}},"18":{"start":{"line":57,"column":4},"end":{"line":57,"column":74}},"19":{"start":{"line":58,"column":4},"end":{"line":58,"column":17}},"20":{"start":{"line":63,"column":16},"end":{"line":63,"column":41}},"21":{"start":{"line":64,"column":2},"end":{"line":66,"column":3}},"22":{"start":{"line":65,"column":4},"end":{"line":65,"column":54}},"23":{"start":{"line":68,"column":49},"end":{"line":68,"column":54}},"24":{"start":{"line":69,"column":13},"end":{"line":69,"column":38}},"25":{"start":{"line":70,"column":18},"end":{"line":70,"column":48}},"26":{"start":{"line":72,"column":19},"end":{"line":72,"column":66}},"27":{"start":{"line":73,"column":2},"end":{"line":73,"column":31}},"28":{"start":{"line":75,"column":18},"end":{"line":75,"column":59}},"29":{"start":{"line":76,"column":2},"end":{"line":76,"column":38}},"30":{"start":{"line":78,"column":2},"end":{"line":78,"column":19}},"31":{"start":{"line":85,"column":2},"end":{"line":85,"column":83}},"32":{"start":{"line":85,"column":61},"end":{"line":85,"column":83}},"33":{"start":{"line":86,"column":2},"end":{"line":86,"column":64}},"34":{"start":{"line":86,"column":42},"end":{"line":86,"column":64}},"35":{"start":{"line":88,"column":21},"end":{"line":88,"column":35}},"36":{"start":{"line":89,"column":2},"end":{"line":108,"column":3}},"37":{"start":{"line":90,"column":4},"end":{"line":90,"column":54}},"38":{"start":{"line":93,"column":26},"end":{"line":93,"column":72}},"39":{"start":{"line":94,"column":4},"end":{"line":106,"column":5}},"40":{"start":{"line":95,"column":6},"end":{"line":103,"column":7}},"41":{"start":{"line":96,"column":28},"end":{"line":96,"column":64}},"42":{"start":{"line":97,"column":26},"end":{"line":97,"column":69}},"43":{"start":{"line":98,"column":8},"end":{"line":98,"column":151}},"44":{"start":{"line":99,"column":8},"end":{"line":99,"column":25}},"45":{"start":{"line":102,"column":8},"end":{"line":102,"column":126}},"46":{"start":{"line":105,"column":6},"end":{"line":105,"column":76}},"47":{"start":{"line":107,"column":4},"end":{"line":107,"column":26}},"48":{"start":{"line":115,"column":20},"end":{"line":115,"column":35}},"49":{"start":{"line":117,"column":2},"end":{"line":121,"column":5}},"50":{"start":{"line":118,"column":4},"end":{"line":120,"column":5}},"51":{"start":{"line":119,"column":6},"end":{"line":119,"column":56}},"52":{"start":{"line":123,"column":2},"end":{"line":123,"column":19}},"53":{"start":{"line":130,"column":20},"end":{"line":130,"column":35}},"54":{"start":{"line":132,"column":2},"end":{"line":136,"column":5}},"55":{"start":{"line":133,"column":4},"end":{"line":135,"column":5}},"56":{"start":{"line":134,"column":6},"end":{"line":134,"column":56}},"57":{"start":{"line":138,"column":2},"end":{"line":138,"column":19}},"58":{"start":{"line":145,"column":2},"end":{"line":145,"column":56}},"59":{"start":{"line":145,"column":43},"end":{"line":145,"column":56}},"60":{"start":{"line":146,"column":2},"end":{"line":146,"column":39}},"61":{"start":{"line":146,"column":25},"end":{"line":146,"column":39}},"62":{"start":{"line":148,"column":16},"end":{"line":148,"column":37}},"63":{"start":{"line":149,"column":15},"end":{"line":149,"column":48}},"64":{"start":{"line":150,"column":2},"end":{"line":150,"column":31}},"65":{"start":{"line":157,"column":17},"end":{"line":157,"column":32}},"66":{"start":{"line":159,"column":2},"end":{"line":163,"column":5}},"67":{"start":{"line":160,"column":4},"end":{"line":162,"column":5}},"68":{"start":{"line":161,"column":6},"end":{"line":161,"column":47}},"69":{"start":{"line":165,"column":2},"end":{"line":165,"column":16}},"70":{"start":{"line":172,"column":2},"end":{"line":172,"column":42}},"71":{"start":{"line":175,"column":0},"end":{"line":184,"column":2}}},"fnMap":{"0":{"name":"getMasterKeyForString","decl":{"start":{"line":12,"column":9},"end":{"line":12,"column":30}},"loc":{"start":{"line":12,"column":39},"end":{"line":16,"column":1}},"line":12},"1":{"name":"getMasterKey","decl":{"start":{"line":19,"column":9},"end":{"line":19,"column":21}},"loc":{"start":{"line":19,"column":24},"end":{"line":21,"column":1}},"line":19},"2":{"name":"encryptValue","decl":{"start":{"line":41,"column":9},"end":{"line":41,"column":21}},"loc":{"start":{"line":41,"column":29},"end":{"line":60,"column":1}},"line":41},"3":{"name":"decryptWithKey","decl":{"start":{"line":62,"column":9},"end":{"line":62,"column":23}},"loc":{"start":{"line":62,"column":45},"end":{"line":79,"column":1}},"line":62},"4":{"name":"decryptValue","decl":{"start":{"line":84,"column":9},"end":{"line":84,"column":21}},"loc":{"start":{"line":84,"column":38},"end":{"line":109,"column":1}},"line":84},"5":{"name":"encryptSettings","decl":{"start":{"line":114,"column":9},"end":{"line":114,"column":24}},"loc":{"start":{"line":114,"column":35},"end":{"line":124,"column":1}},"line":114},"6":{"name":"(anonymous_6)","decl":{"start":{"line":117,"column":27},"end":{"line":117,"column":28}},"loc":{"start":{"line":117,"column":36},"end":{"line":121,"column":3}},"line":117},"7":{"name":"decryptSettings","decl":{"start":{"line":129,"column":9},"end":{"line":129,"column":24}},"loc":{"start":{"line":129,"column":35},"end":{"line":139,"column":1}},"line":129},"8":{"name":"(anonymous_8)","decl":{"start":{"line":132,"column":27},"end":{"line":132,"column":28}},"loc":{"start":{"line":132,"column":36},"end":{"line":136,"column":3}},"line":132},"9":{"name":"maskValue","decl":{"start":{"line":144,"column":9},"end":{"line":144,"column":18}},"loc":{"start":{"line":144,"column":26},"end":{"line":151,"column":1}},"line":144},"10":{"name":"getMaskedSettings","decl":{"start":{"line":156,"column":9},"end":{"line":156,"column":26}},"loc":{"start":{"line":156,"column":37},"end":{"line":166,"column":1}},"line":156},"11":{"name":"(anonymous_11)","decl":{"start":{"line":159,"column":27},"end":{"line":159,"column":28}},"loc":{"start":{"line":159,"column":36},"end":{"line":163,"column":3}},"line":159},"12":{"name":"isSensitiveField","decl":{"start":{"line":171,"column":9},"end":{"line":171,"column":25}},"loc":{"start":{"line":171,"column":33},"end":{"line":173,"column":1}},"line":171}},"branchMap":{"0":{"loc":{"start":{"line":10,"column":19},"end":{"line":10,"column":100}},"type":"binary-expr","locations":[{"start":{"line":10,"column":19},"end":{"line":10,"column":50}},{"start":{"line":10,"column":54},"end":{"line":10,"column":100}}],"line":10},"1":{"loc":{"start":{"line":42,"column":2},"end":{"line":42,"column":56}},"type":"if","locations":[{"start":{"line":42,"column":2},"end":{"line":42,"column":56}},{"start":{},"end":{}}],"line":42},"2":{"loc":{"start":{"line":42,"column":6},"end":{"line":42,"column":41}},"type":"binary-expr","locations":[{"start":{"line":42,"column":6},"end":{"line":42,"column":12}},{"start":{"line":42,"column":16},"end":{"line":42,"column":41}}],"line":42},"3":{"loc":{"start":{"line":64,"column":2},"end":{"line":66,"column":3}},"type":"if","locations":[{"start":{"line":64,"column":2},"end":{"line":66,"column":3}},{"start":{},"end":{}}],"line":64},"4":{"loc":{"start":{"line":85,"column":2},"end":{"line":85,"column":83}},"type":"if","locations":[{"start":{"line":85,"column":2},"end":{"line":85,"column":83}},{"start":{},"end":{}}],"line":85},"5":{"loc":{"start":{"line":85,"column":6},"end":{"line":85,"column":59}},"type":"binary-expr","locations":[{"start":{"line":85,"column":6},"end":{"line":85,"column":21}},{"start":{"line":85,"column":25},"end":{"line":85,"column":59}}],"line":85},"6":{"loc":{"start":{"line":86,"column":2},"end":{"line":86,"column":64}},"type":"if","locations":[{"start":{"line":86,"column":2},"end":{"line":86,"column":64}},{"start":{},"end":{}}],"line":86},"7":{"loc":{"start":{"line":94,"column":4},"end":{"line":106,"column":5}},"type":"if","locations":[{"start":{"line":94,"column":4},"end":{"line":106,"column":5}},{"start":{"line":104,"column":11},"end":{"line":106,"column":5}}],"line":94},"8":{"loc":{"start":{"line":118,"column":4},"end":{"line":120,"column":5}},"type":"if","locations":[{"start":{"line":118,"column":4},"end":{"line":120,"column":5}},{"start":{},"end":{}}],"line":118},"9":{"loc":{"start":{"line":133,"column":4},"end":{"line":135,"column":5}},"type":"if","locations":[{"start":{"line":133,"column":4},"end":{"line":135,"column":5}},{"start":{},"end":{}}],"line":133},"10":{"loc":{"start":{"line":145,"column":2},"end":{"line":145,"column":56}},"type":"if","locations":[{"start":{"line":145,"column":2},"end":{"line":145,"column":56}},{"start":{},"end":{}}],"line":145},"11":{"loc":{"start":{"line":145,"column":6},"end":{"line":145,"column":41}},"type":"binary-expr","locations":[{"start":{"line":145,"column":6},"end":{"line":145,"column":12}},{"start":{"line":145,"column":16},"end":{"line":145,"column":41}}],"line":145},"12":{"loc":{"start":{"line":146,"column":2},"end":{"line":146,"column":39}},"type":"if","locations":[{"start":{"line":146,"column":2},"end":{"line":146,"column":39}},{"start":{},"end":{}}],"line":146},"13":{"loc":{"start":{"line":160,"column":4},"end":{"line":162,"column":5}},"type":"if","locations":[{"start":{"line":160,"column":4},"end":{"line":162,"column":5}},{"start":{},"end":{}}],"line":160}},"s":{"0":0,"1":0,"2":0,"3":0,"4":0,"5":0,"6":0,"7":0,"8":0,"9":0,"10":0,"11":0,"12":0,"13":0,"14":0,"15":0,"16":0,"17":0,"18":0,"19":0,"20":0,"21":0,"22":0,"23":0,"24":0,"25":0,"26":0,"27":0,"28":0,"29":0,"30":0,"31":0,"32":0,"33":0,"34":0,"35":0,"36":0,"37":0,"38":0,"39":0,"40":0,"41":0,"42":0,"43":0,"44":0,"45":0,"46":0,"47":0,"48":0,"49":0,"50":0,"51":0,"52":0,"53":0,"54":0,"55":0,"56":0,"57":0,"58":0,"59":0,"60":0,"61":0,"62":0,"63":0,"64":0,"65":0,"66":0,"67":0,"68":0,"69":0,"70":0,"71":0},"f":{"0":0,"1":0,"2":0,"3":0,"4":0,"5":0,"6":0,"7":0,"8":0,"9":0,"10":0,"11":0,"12":0},"b":{"0":[0,0],"1":[0,0],"2":[0,0],"3":[0,0],"4":[0,0],"5":[0,0],"6":[0,0],"7":[0,0],"8":[0,0],"9":[0,0],"10":[0,0],"11":[0,0],"12":[0,0],"13":[0,0]}}
,"D:\\WEBAPP\\MyAdamedia ALL\\myadamedia-billing\\config\\settingsManager.js": {"path":"D:\\WEBAPP\\MyAdamedia ALL\\myadamedia-billing\\config\\settingsManager.js","statementMap":{"0":{"start":{"line":1,"column":11},"end":{"line":1,"column":24}},"1":{"start":{"line":2,"column":13},"end":{"line":2,"column":28}},"2":{"start":{"line":3,"column":15},"end":{"line":3,"column":32}},"3":{"start":{"line":4,"column":19},"end":{"line":4,"column":38}},"4":{"start":{"line":6,"column":27},"end":{"line":6,"column":31}},"5":{"start":{"line":8,"column":2},"end":{"line":10,"column":3}},"6":{"start":{"line":9,"column":4},"end":{"line":9,"column":66}},"7":{"start":{"line":11,"column":2},"end":{"line":11,"column":30}},"8":{"start":{"line":15,"column":20},"end":{"line":15,"column":24}},"9":{"start":{"line":16,"column":24},"end":{"line":16,"column":25}},"10":{"start":{"line":17,"column":23},"end":{"line":17,"column":27}},"11":{"start":{"line":20,"column":21},"end":{"line":20,"column":61}},"12":{"start":{"line":21,"column":14},"end":{"line":21,"column":18}},"13":{"start":{"line":25,"column":2},"end":{"line":53,"column":3}},"14":{"start":{"line":26,"column":21},"end":{"line":26,"column":77}},"15":{"start":{"line":29,"column":26},"end":{"line":29,"column":70}},"16":{"start":{"line":30,"column":4},"end":{"line":32,"column":5}},"17":{"start":{"line":31,"column":6},"end":{"line":31,"column":65}},"18":{"start":{"line":34,"column":23},"end":{"line":34,"column":37}},"19":{"start":{"line":35,"column":15},"end":{"line":35,"column":84}},"20":{"start":{"line":37,"column":4},"end":{"line":40,"column":5}},"21":{"start":{"line":38,"column":6},"end":{"line":38,"column":37}},"22":{"start":{"line":39,"column":6},"end":{"line":39,"column":22}},"23":{"start":{"line":42,"column":4},"end":{"line":47,"column":5}},"24":{"start":{"line":43,"column":6},"end":{"line":43,"column":76}},"25":{"start":{"line":44,"column":6},"end":{"line":44,"column":29}},"26":{"start":{"line":46,"column":6},"end":{"line":46,"column":37}},"27":{"start":{"line":49,"column":4},"end":{"line":49,"column":20}},"28":{"start":{"line":51,"column":4},"end":{"line":51,"column":77}},"29":{"start":{"line":52,"column":4},"end":{"line":52,"column":14}},"30":{"start":{"line":58,"column":14},"end":{"line":58,"column":24}},"31":{"start":{"line":59,"column":2},"end":{"line":62,"column":3}},"32":{"start":{"line":60,"column":4},"end":{"line":60,"column":34}},"33":{"start":{"line":61,"column":4},"end":{"line":61,"column":28}},"34":{"start":{"line":63,"column":2},"end":{"line":63,"column":23}},"35":{"start":{"line":68,"column":19},"end":{"line":68,"column":41}},"36":{"start":{"line":69,"column":2},"end":{"line":69,"column":68}},"37":{"start":{"line":74,"column":19},"end":{"line":74,"column":41}},"38":{"start":{"line":75,"column":17},"end":{"line":75,"column":19}},"39":{"start":{"line":76,"column":2},"end":{"line":78,"column":5}},"40":{"start":{"line":77,"column":4},"end":{"line":77,"column":32}},"41":{"start":{"line":79,"column":2},"end":{"line":79,"column":16}},"42":{"start":{"line":84,"column":2},"end":{"line":114,"column":3}},"43":{"start":{"line":86,"column":4},"end":{"line":88,"column":5}},"44":{"start":{"line":87,"column":6},"end":{"line":87,"column":22}},"45":{"start":{"line":91,"column":4},"end":{"line":109,"column":7}},"46":{"start":{"line":92,"column":6},"end":{"line":92,"column":41}},"47":{"start":{"line":92,"column":34},"end":{"line":92,"column":41}},"48":{"start":{"line":94,"column":6},"end":{"line":94,"column":67}},"49":{"start":{"line":94,"column":60},"end":{"line":94,"column":67}},"50":{"start":{"line":96,"column":6},"end":{"line":96,"column":27}},"51":{"start":{"line":97,"column":6},"end":{"line":97,"column":28}},"52":{"start":{"line":99,"column":6},"end":{"line":108,"column":7}},"53":{"start":{"line":100,"column":18},"end":{"line":100,"column":40}},"54":{"start":{"line":101,"column":21},"end":{"line":101,"column":42}},"55":{"start":{"line":102,"column":21},"end":{"line":102,"column":49}},"56":{"start":{"line":103,"column":21},"end":{"line":103,"column":55}},"57":{"start":{"line":104,"column":24},"end":{"line":104,"column":55}},"58":{"start":{"line":105,"column":8},"end":{"line":105,"column":130}},"59":{"start":{"line":107,"column":8},"end":{"line":107,"column":86}},"60":{"start":{"line":111,"column":4},"end":{"line":111,"column":63}},"61":{"start":{"line":113,"column":4},"end":{"line":113,"column":81}},"62":{"start":{"line":118,"column":0},"end":{"line":118,"column":23}},"63":{"start":{"line":122,"column":2},"end":{"line":132,"column":3}},"64":{"start":{"line":123,"column":28},"end":{"line":123,"column":41}},"65":{"start":{"line":124,"column":28},"end":{"line":124,"column":66}},"66":{"start":{"line":125,"column":4},"end":{"line":125,"column":86}},"67":{"start":{"line":126,"column":4},"end":{"line":126,"column":36}},"68":{"start":{"line":127,"column":4},"end":{"line":127,"column":35}},"69":{"start":{"line":128,"column":4},"end":{"line":128,"column":16}},"70":{"start":{"line":130,"column":4},"end":{"line":130,"column":76}},"71":{"start":{"line":131,"column":4},"end":{"line":131,"column":17}},"72":{"start":{"line":140,"column":13},"end":{"line":140,"column":51}},"73":{"start":{"line":141,"column":14},"end":{"line":141,"column":24}},"74":{"start":{"line":142,"column":2},"end":{"line":164,"column":3}},"75":{"start":{"line":143,"column":20},"end":{"line":153,"column":5}},"76":{"start":{"line":154,"column":22},"end":{"line":154,"column":63}},"77":{"start":{"line":155,"column":18},"end":{"line":155,"column":46}},"78":{"start":{"line":156,"column":14},"end":{"line":156,"column":16}},"79":{"start":{"line":157,"column":4},"end":{"line":157,"column":53}},"80":{"start":{"line":157,"column":26},"end":{"line":157,"column":51}},"81":{"start":{"line":158,"column":15},"end":{"line":158,"column":21}},"82":{"start":{"line":159,"column":4},"end":{"line":159,"column":35}},"83":{"start":{"line":159,"column":23},"end":{"line":159,"column":35}},"84":{"start":{"line":160,"column":4},"end":{"line":160,"column":75}},"85":{"start":{"line":162,"column":16},"end":{"line":162,"column":49}},"86":{"start":{"line":162,"column":23},"end":{"line":162,"column":49}},"87":{"start":{"line":163,"column":4},"end":{"line":163,"column":156}},"88":{"start":{"line":172,"column":13},"end":{"line":172,"column":51}},"89":{"start":{"line":173,"column":14},"end":{"line":173,"column":24}},"90":{"start":{"line":175,"column":2},"end":{"line":202,"column":3}},"91":{"start":{"line":176,"column":22},"end":{"line":182,"column":6}},"92":{"start":{"line":184,"column":18},"end":{"line":184,"column":46}},"93":{"start":{"line":185,"column":14},"end":{"line":185,"column":16}},"94":{"start":{"line":186,"column":4},"end":{"line":186,"column":53}},"95":{"start":{"line":186,"column":26},"end":{"line":186,"column":51}},"96":{"start":{"line":188,"column":12},"end":{"line":188,"column":32}},"97":{"start":{"line":189,"column":4},"end":{"line":189,"column":36}},"98":{"start":{"line":189,"column":30},"end":{"line":189,"column":36}},"99":{"start":{"line":190,"column":14},"end":{"line":190,"column":55}},"100":{"start":{"line":191,"column":14},"end":{"line":191,"column":59}},"101":{"start":{"line":192,"column":14},"end":{"line":192,"column":50}},"102":{"start":{"line":193,"column":16},"end":{"line":193,"column":43}},"103":{"start":{"line":194,"column":14},"end":{"line":194,"column":41}},"104":{"start":{"line":196,"column":15},"end":{"line":196,"column":47}},"105":{"start":{"line":197,"column":4},"end":{"line":199,"column":5}},"106":{"start":{"line":198,"column":6},"end":{"line":198,"column":16}},"107":{"start":{"line":203,"column":2},"end":{"line":203,"column":20}},"108":{"start":{"line":210,"column":13},"end":{"line":210,"column":51}},"109":{"start":{"line":211,"column":14},"end":{"line":211,"column":24}},"110":{"start":{"line":212,"column":2},"end":{"line":245,"column":3}},"111":{"start":{"line":213,"column":22},"end":{"line":219,"column":6}},"112":{"start":{"line":221,"column":18},"end":{"line":221,"column":46}},"113":{"start":{"line":222,"column":14},"end":{"line":222,"column":16}},"114":{"start":{"line":223,"column":4},"end":{"line":223,"column":53}},"115":{"start":{"line":223,"column":26},"end":{"line":223,"column":51}},"116":{"start":{"line":225,"column":12},"end":{"line":225,"column":32}},"117":{"start":{"line":226,"column":4},"end":{"line":226,"column":36}},"118":{"start":{"line":226,"column":30},"end":{"line":226,"column":36}},"119":{"start":{"line":228,"column":4},"end":{"line":235,"column":6}},"120":{"start":{"line":237,"column":4},"end":{"line":244,"column":6}},"121":{"start":{"line":253,"column":15},"end":{"line":253,"column":35}},"122":{"start":{"line":254,"column":14},"end":{"line":254,"column":47}},"123":{"start":{"line":254,"column":21},"end":{"line":254,"column":47}},"124":{"start":{"line":255,"column":2},"end":{"line":255,"column":118}},"125":{"start":{"line":263,"column":2},"end":{"line":263,"column":28}},"126":{"start":{"line":263,"column":16},"end":{"line":263,"column":28}},"127":{"start":{"line":264,"column":13},"end":{"line":264,"column":51}},"128":{"start":{"line":266,"column":15},"end":{"line":266,"column":50}},"129":{"start":{"line":267,"column":2},"end":{"line":267,"column":41}},"130":{"start":{"line":267,"column":29},"end":{"line":267,"column":41}},"131":{"start":{"line":269,"column":23},"end":{"line":269,"column":84}},"132":{"start":{"line":270,"column":20},"end":{"line":270,"column":42}},"133":{"start":{"line":271,"column":15},"end":{"line":271,"column":51}},"134":{"start":{"line":273,"column":2},"end":{"line":273,"column":41}},"135":{"start":{"line":280,"column":2},"end":{"line":280,"column":24}},"136":{"start":{"line":280,"column":13},"end":{"line":280,"column":24}},"137":{"start":{"line":281,"column":13},"end":{"line":281,"column":51}},"138":{"start":{"line":282,"column":12},"end":{"line":282,"column":88}},"139":{"start":{"line":283,"column":2},"end":{"line":283,"column":37}},"140":{"start":{"line":283,"column":26},"end":{"line":283,"column":37}},"141":{"start":{"line":284,"column":2},"end":{"line":284,"column":53}},"142":{"start":{"line":288,"column":2},"end":{"line":291,"column":3}},"143":{"start":{"line":289,"column":4},"end":{"line":289,"column":20}},"144":{"start":{"line":290,"column":4},"end":{"line":290,"column":19}},"145":{"start":{"line":304,"column":2},"end":{"line":304,"column":62}},"146":{"start":{"line":304,"column":52},"end":{"line":304,"column":62}},"147":{"start":{"line":305,"column":14},"end":{"line":305,"column":30}},"148":{"start":{"line":306,"column":2},"end":{"line":306,"column":36}},"149":{"start":{"line":306,"column":18},"end":{"line":306,"column":36}},"150":{"start":{"line":308,"column":12},"end":{"line":308,"column":52}},"151":{"start":{"line":309,"column":17},"end":{"line":309,"column":95}},"152":{"start":{"line":310,"column":20},"end":{"line":310,"column":95}},"153":{"start":{"line":311,"column":16},"end":{"line":311,"column":51}},"154":{"start":{"line":312,"column":2},"end":{"line":312,"column":64}},"155":{"start":{"line":312,"column":52},"end":{"line":312,"column":64}},"156":{"start":{"line":314,"column":17},"end":{"line":314,"column":64}},"157":{"start":{"line":316,"column":2},"end":{"line":318,"column":3}},"158":{"start":{"line":317,"column":4},"end":{"line":317,"column":18}},"159":{"start":{"line":320,"column":20},"end":{"line":320,"column":26}},"160":{"start":{"line":321,"column":2},"end":{"line":323,"column":3}},"161":{"start":{"line":322,"column":4},"end":{"line":322,"column":58}},"162":{"start":{"line":325,"column":2},"end":{"line":325,"column":47}},"163":{"start":{"line":328,"column":0},"end":{"line":343,"column":2}}},"fnMap":{"0":{"name":"getSecureSessionSecretFallback","decl":{"start":{"line":7,"column":9},"end":{"line":7,"column":39}},"loc":{"start":{"line":7,"column":42},"end":{"line":12,"column":1}},"line":7},"1":{"name":"getSettings","decl":{"start":{"line":24,"column":9},"end":{"line":24,"column":20}},"loc":{"start":{"line":24,"column":23},"end":{"line":54,"column":1}},"line":24},"2":{"name":"getSettingsWithCache","decl":{"start":{"line":57,"column":9},"end":{"line":57,"column":29}},"loc":{"start":{"line":57,"column":32},"end":{"line":64,"column":1}},"line":57},"3":{"name":"getSetting","decl":{"start":{"line":67,"column":9},"end":{"line":67,"column":19}},"loc":{"start":{"line":67,"column":46},"end":{"line":70,"column":1}},"line":67},"4":{"name":"getSettingsByKeys","decl":{"start":{"line":73,"column":9},"end":{"line":73,"column":26}},"loc":{"start":{"line":73,"column":33},"end":{"line":80,"column":1}},"line":73},"5":{"name":"(anonymous_5)","decl":{"start":{"line":76,"column":15},"end":{"line":76,"column":16}},"loc":{"start":{"line":76,"column":22},"end":{"line":78,"column":3}},"line":76},"6":{"name":"startSettingsWatcher","decl":{"start":{"line":83,"column":9},"end":{"line":83,"column":29}},"loc":{"start":{"line":83,"column":32},"end":{"line":115,"column":1}},"line":83},"7":{"name":"(anonymous_7)","decl":{"start":{"line":91,"column":37},"end":{"line":91,"column":38}},"loc":{"start":{"line":91,"column":62},"end":{"line":109,"column":5}},"line":91},"8":{"name":"saveSettings","decl":{"start":{"line":121,"column":9},"end":{"line":121,"column":21}},"loc":{"start":{"line":121,"column":35},"end":{"line":133,"column":1}},"line":121},"9":{"name":"getNowLocal","decl":{"start":{"line":139,"column":9},"end":{"line":139,"column":20}},"loc":{"start":{"line":139,"column":23},"end":{"line":165,"column":1}},"line":139},"10":{"name":"(anonymous_10)","decl":{"start":{"line":157,"column":18},"end":{"line":157,"column":19}},"loc":{"start":{"line":157,"column":26},"end":{"line":157,"column":51}},"line":157},"11":{"name":"(anonymous_11)","decl":{"start":{"line":162,"column":16},"end":{"line":162,"column":17}},"loc":{"start":{"line":162,"column":23},"end":{"line":162,"column":49}},"line":162},"12":{"name":"getCurrentDateInTimezone","decl":{"start":{"line":171,"column":9},"end":{"line":171,"column":33}},"loc":{"start":{"line":171,"column":36},"end":{"line":204,"column":1}},"line":171},"13":{"name":"(anonymous_13)","decl":{"start":{"line":186,"column":18},"end":{"line":186,"column":19}},"loc":{"start":{"line":186,"column":26},"end":{"line":186,"column":51}},"line":186},"14":{"name":"getCurrentTimeInfo","decl":{"start":{"line":209,"column":9},"end":{"line":209,"column":27}},"loc":{"start":{"line":209,"column":30},"end":{"line":246,"column":1}},"line":209},"15":{"name":"(anonymous_15)","decl":{"start":{"line":223,"column":18},"end":{"line":223,"column":19}},"loc":{"start":{"line":223,"column":26},"end":{"line":223,"column":51}},"line":223},"16":{"name":"getNowLocalISO","decl":{"start":{"line":252,"column":9},"end":{"line":252,"column":23}},"loc":{"start":{"line":252,"column":26},"end":{"line":256,"column":1}},"line":252},"17":{"name":"(anonymous_17)","decl":{"start":{"line":254,"column":14},"end":{"line":254,"column":15}},"loc":{"start":{"line":254,"column":21},"end":{"line":254,"column":47}},"line":254},"18":{"name":"parseDateInTimezone","decl":{"start":{"line":262,"column":9},"end":{"line":262,"column":28}},"loc":{"start":{"line":262,"column":38},"end":{"line":274,"column":1}},"line":262},"19":{"name":"formatDateLocal","decl":{"start":{"line":279,"column":9},"end":{"line":279,"column":24}},"loc":{"start":{"line":279,"column":31},"end":{"line":285,"column":1}},"line":279},"20":{"name":"stopSettingsWatcher","decl":{"start":{"line":287,"column":9},"end":{"line":287,"column":28}},"loc":{"start":{"line":287,"column":31},"end":{"line":292,"column":1}},"line":287},"21":{"name":"formatCustomerId","decl":{"start":{"line":303,"column":9},"end":{"line":303,"column":25}},"loc":{"start":{"line":303,"column":53},"end":{"line":326,"column":1}},"line":303}},"branchMap":{"0":{"loc":{"start":{"line":8,"column":2},"end":{"line":10,"column":3}},"type":"if","locations":[{"start":{"line":8,"column":2},"end":{"line":10,"column":3}},{"start":{},"end":{}}],"line":8},"1":{"loc":{"start":{"line":26,"column":21},"end":{"line":26,"column":77}},"type":"binary-expr","locations":[{"start":{"line":26,"column":21},"end":{"line":26,"column":71}},{"start":{"line":26,"column":75},"end":{"line":26,"column":77}}],"line":26},"2":{"loc":{"start":{"line":30,"column":4},"end":{"line":32,"column":5}},"type":"if","locations":[{"start":{"line":30,"column":4},"end":{"line":32,"column":5}},{"start":{},"end":{}}],"line":30},"3":{"loc":{"start":{"line":30,"column":8},"end":{"line":30,"column":77}},"type":"binary-expr","locations":[{"start":{"line":30,"column":8},"end":{"line":30,"column":32}},{"start":{"line":30,"column":36},"end":{"line":30,"column":77}}],"line":30},"4":{"loc":{"start":{"line":35,"column":15},"end":{"line":35,"column":84}},"type":"cond-expr","locations":[{"start":{"line":35,"column":55},"end":{"line":35,"column":79}},{"start":{"line":35,"column":82},"end":{"line":35,"column":84}}],"line":35},"5":{"loc":{"start":{"line":37,"column":4},"end":{"line":40,"column":5}},"type":"if","locations":[{"start":{"line":37,"column":4},"end":{"line":40,"column":5}},{"start":{},"end":{}}],"line":37},"6":{"loc":{"start":{"line":59,"column":2},"end":{"line":62,"column":3}},"type":"if","locations":[{"start":{"line":59,"column":2},"end":{"line":62,"column":3}},{"start":{},"end":{}}],"line":59},"7":{"loc":{"start":{"line":59,"column":6},"end":{"line":59,"column":66}},"type":"binary-expr","locations":[{"start":{"line":59,"column":6},"end":{"line":59,"column":20}},{"start":{"line":59,"column":24},"end":{"line":59,"column":66}}],"line":59},"8":{"loc":{"start":{"line":67,"column":25},"end":{"line":67,"column":44}},"type":"default-arg","locations":[{"start":{"line":67,"column":40},"end":{"line":67,"column":44}}],"line":67},"9":{"loc":{"start":{"line":69,"column":9},"end":{"line":69,"column":67}},"type":"cond-expr","locations":[{"start":{"line":69,"column":39},"end":{"line":69,"column":52}},{"start":{"line":69,"column":55},"end":{"line":69,"column":67}}],"line":69},"10":{"loc":{"start":{"line":86,"column":4},"end":{"line":88,"column":5}},"type":"if","locations":[{"start":{"line":86,"column":4},"end":{"line":88,"column":5}},{"start":{},"end":{}}],"line":86},"11":{"loc":{"start":{"line":92,"column":6},"end":{"line":92,"column":41}},"type":"if","locations":[{"start":{"line":92,"column":6},"end":{"line":92,"column":41}},{"start":{},"end":{}}],"line":92},"12":{"loc":{"start":{"line":94,"column":6},"end":{"line":94,"column":67}},"type":"if","locations":[{"start":{"line":94,"column":6},"end":{"line":94,"column":67}},{"start":{},"end":{}}],"line":94},"13":{"loc":{"start":{"line":94,"column":10},"end":{"line":94,"column":58}},"type":"binary-expr","locations":[{"start":{"line":94,"column":10},"end":{"line":94,"column":26}},{"start":{"line":94,"column":30},"end":{"line":94,"column":58}}],"line":94},"14":{"loc":{"start":{"line":101,"column":21},"end":{"line":101,"column":42}},"type":"binary-expr","locations":[{"start":{"line":101,"column":21},"end":{"line":101,"column":34}},{"start":{"line":101,"column":38},"end":{"line":101,"column":42}}],"line":101},"15":{"loc":{"start":{"line":102,"column":21},"end":{"line":102,"column":49}},"type":"binary-expr","locations":[{"start":{"line":102,"column":21},"end":{"line":102,"column":34}},{"start":{"line":102,"column":38},"end":{"line":102,"column":49}}],"line":102},"16":{"loc":{"start":{"line":103,"column":21},"end":{"line":103,"column":55}},"type":"binary-expr","locations":[{"start":{"line":103,"column":21},"end":{"line":103,"column":35}},{"start":{"line":103,"column":39},"end":{"line":103,"column":55}}],"line":103},"17":{"loc":{"start":{"line":104,"column":24},"end":{"line":104,"column":55}},"type":"binary-expr","locations":[{"start":{"line":104,"column":24},"end":{"line":104,"column":40}},{"start":{"line":104,"column":44},"end":{"line":104,"column":55}}],"line":104},"18":{"loc":{"start":{"line":159,"column":4},"end":{"line":159,"column":35}},"type":"if","locations":[{"start":{"line":159,"column":4},"end":{"line":159,"column":35}},{"start":{},"end":{}}],"line":159},"19":{"loc":{"start":{"line":189,"column":4},"end":{"line":189,"column":36}},"type":"if","locations":[{"start":{"line":189,"column":4},"end":{"line":189,"column":36}},{"start":{},"end":{}}],"line":189},"20":{"loc":{"start":{"line":189,"column":8},"end":{"line":189,"column":28}},"type":"binary-expr","locations":[{"start":{"line":189,"column":8},"end":{"line":189,"column":16}},{"start":{"line":189,"column":20},"end":{"line":189,"column":28}}],"line":189},"21":{"loc":{"start":{"line":190,"column":14},"end":{"line":190,"column":55}},"type":"binary-expr","locations":[{"start":{"line":190,"column":14},"end":{"line":190,"column":34}},{"start":{"line":190,"column":38},"end":{"line":190,"column":55}}],"line":190},"22":{"loc":{"start":{"line":191,"column":14},"end":{"line":191,"column":59}},"type":"binary-expr","locations":[{"start":{"line":191,"column":14},"end":{"line":191,"column":35}},{"start":{"line":191,"column":40},"end":{"line":191,"column":58}}],"line":191},"23":{"loc":{"start":{"line":192,"column":14},"end":{"line":192,"column":50}},"type":"binary-expr","locations":[{"start":{"line":192,"column":14},"end":{"line":192,"column":33}},{"start":{"line":192,"column":37},"end":{"line":192,"column":50}}],"line":192},"24":{"loc":{"start":{"line":193,"column":16},"end":{"line":193,"column":43}},"type":"binary-expr","locations":[{"start":{"line":193,"column":16},"end":{"line":193,"column":38}},{"start":{"line":193,"column":42},"end":{"line":193,"column":43}}],"line":193},"25":{"loc":{"start":{"line":194,"column":14},"end":{"line":194,"column":41}},"type":"binary-expr","locations":[{"start":{"line":194,"column":14},"end":{"line":194,"column":36}},{"start":{"line":194,"column":40},"end":{"line":194,"column":41}}],"line":194},"26":{"loc":{"start":{"line":197,"column":4},"end":{"line":199,"column":5}},"type":"if","locations":[{"start":{"line":197,"column":4},"end":{"line":199,"column":5}},{"start":{},"end":{}}],"line":197},"27":{"loc":{"start":{"line":226,"column":4},"end":{"line":226,"column":36}},"type":"if","locations":[{"start":{"line":226,"column":4},"end":{"line":226,"column":36}},{"start":{},"end":{}}],"line":226},"28":{"loc":{"start":{"line":226,"column":8},"end":{"line":226,"column":28}},"type":"binary-expr","locations":[{"start":{"line":226,"column":8},"end":{"line":226,"column":16}},{"start":{"line":226,"column":20},"end":{"line":226,"column":28}}],"line":226},"29":{"loc":{"start":{"line":229,"column":12},"end":{"line":229,"column":53}},"type":"binary-expr","locations":[{"start":{"line":229,"column":12},"end":{"line":229,"column":32}},{"start":{"line":229,"column":36},"end":{"line":229,"column":53}}],"line":229},"30":{"loc":{"start":{"line":230,"column":13},"end":{"line":230,"column":58}},"type":"binary-expr","locations":[{"start":{"line":230,"column":13},"end":{"line":230,"column":34}},{"start":{"line":230,"column":39},"end":{"line":230,"column":57}}],"line":230},"31":{"loc":{"start":{"line":231,"column":11},"end":{"line":231,"column":47}},"type":"binary-expr","locations":[{"start":{"line":231,"column":11},"end":{"line":231,"column":30}},{"start":{"line":231,"column":34},"end":{"line":231,"column":47}}],"line":231},"32":{"loc":{"start":{"line":233,"column":14},"end":{"line":233,"column":41}},"type":"binary-expr","locations":[{"start":{"line":233,"column":14},"end":{"line":233,"column":36}},{"start":{"line":233,"column":40},"end":{"line":233,"column":41}}],"line":233},"33":{"loc":{"start":{"line":234,"column":14},"end":{"line":234,"column":41}},"type":"binary-expr","locations":[{"start":{"line":234,"column":14},"end":{"line":234,"column":36}},{"start":{"line":234,"column":40},"end":{"line":234,"column":41}}],"line":234},"34":{"loc":{"start":{"line":263,"column":2},"end":{"line":263,"column":28}},"type":"if","locations":[{"start":{"line":263,"column":2},"end":{"line":263,"column":28}},{"start":{},"end":{}}],"line":263},"35":{"loc":{"start":{"line":267,"column":2},"end":{"line":267,"column":41}},"type":"if","locations":[{"start":{"line":267,"column":2},"end":{"line":267,"column":41}},{"start":{},"end":{}}],"line":267},"36":{"loc":{"start":{"line":280,"column":2},"end":{"line":280,"column":24}},"type":"if","locations":[{"start":{"line":280,"column":2},"end":{"line":280,"column":24}},{"start":{},"end":{}}],"line":280},"37":{"loc":{"start":{"line":282,"column":12},"end":{"line":282,"column":88}},"type":"cond-expr","locations":[{"start":{"line":282,"column":67},"end":{"line":282,"column":81}},{"start":{"line":282,"column":84},"end":{"line":282,"column":88}}],"line":282},"38":{"loc":{"start":{"line":282,"column":12},"end":{"line":282,"column":64}},"type":"binary-expr","locations":[{"start":{"line":282,"column":12},"end":{"line":282,"column":36}},{"start":{"line":282,"column":40},"end":{"line":282,"column":64}}],"line":282},"39":{"loc":{"start":{"line":283,"column":2},"end":{"line":283,"column":37}},"type":"if","locations":[{"start":{"line":283,"column":2},"end":{"line":283,"column":37}},{"start":{},"end":{}}],"line":283},"40":{"loc":{"start":{"line":288,"column":2},"end":{"line":291,"column":3}},"type":"if","locations":[{"start":{"line":288,"column":2},"end":{"line":291,"column":3}},{"start":{},"end":{}}],"line":288},"41":{"loc":{"start":{"line":303,"column":30},"end":{"line":303,"column":51}},"type":"default-arg","locations":[{"start":{"line":303,"column":47},"end":{"line":303,"column":51}}],"line":303},"42":{"loc":{"start":{"line":304,"column":2},"end":{"line":304,"column":62}},"type":"if","locations":[{"start":{"line":304,"column":2},"end":{"line":304,"column":62}},{"start":{},"end":{}}],"line":304},"43":{"loc":{"start":{"line":304,"column":6},"end":{"line":304,"column":50}},"type":"binary-expr","locations":[{"start":{"line":304,"column":6},"end":{"line":304,"column":17}},{"start":{"line":304,"column":21},"end":{"line":304,"column":37}},{"start":{"line":304,"column":41},"end":{"line":304,"column":50}}],"line":304},"44":{"loc":{"start":{"line":306,"column":2},"end":{"line":306,"column":36}},"type":"if","locations":[{"start":{"line":306,"column":2},"end":{"line":306,"column":36}},{"start":{},"end":{}}],"line":306},"45":{"loc":{"start":{"line":308,"column":12},"end":{"line":308,"column":52}},"type":"binary-expr","locations":[{"start":{"line":308,"column":12},"end":{"line":308,"column":26}},{"start":{"line":308,"column":30},"end":{"line":308,"column":52}}],"line":308},"46":{"loc":{"start":{"line":309,"column":17},"end":{"line":309,"column":95}},"type":"cond-expr","locations":[{"start":{"line":309,"column":60},"end":{"line":309,"column":87}},{"start":{"line":309,"column":90},"end":{"line":309,"column":95}}],"line":309},"47":{"loc":{"start":{"line":310,"column":20},"end":{"line":310,"column":95}},"type":"cond-expr","locations":[{"start":{"line":310,"column":66},"end":{"line":310,"column":89}},{"start":{"line":310,"column":92},"end":{"line":310,"column":95}}],"line":310},"48":{"loc":{"start":{"line":312,"column":2},"end":{"line":312,"column":64}},"type":"if","locations":[{"start":{"line":312,"column":2},"end":{"line":312,"column":64}},{"start":{},"end":{}}],"line":312},"49":{"loc":{"start":{"line":312,"column":6},"end":{"line":312,"column":50}},"type":"binary-expr","locations":[{"start":{"line":312,"column":6},"end":{"line":312,"column":20}},{"start":{"line":312,"column":24},"end":{"line":312,"column":35}},{"start":{"line":312,"column":39},"end":{"line":312,"column":50}}],"line":312},"50":{"loc":{"start":{"line":316,"column":2},"end":{"line":318,"column":3}},"type":"if","locations":[{"start":{"line":316,"column":2},"end":{"line":318,"column":3}},{"start":{},"end":{}}],"line":316},"51":{"loc":{"start":{"line":321,"column":2},"end":{"line":323,"column":3}},"type":"if","locations":[{"start":{"line":321,"column":2},"end":{"line":323,"column":3}},{"start":{},"end":{}}],"line":321},"52":{"loc":{"start":{"line":321,"column":6},"end":{"line":321,"column":50}},"type":"binary-expr","locations":[{"start":{"line":321,"column":6},"end":{"line":321,"column":15}},{"start":{"line":321,"column":19},"end":{"line":321,"column":50}}],"line":321}},"s":{"0":1,"1":1,"2":1,"3":1,"4":1,"5":0,"6":0,"7":0,"8":1,"9":1,"10":1,"11":1,"12":1,"13":1,"14":1,"15":1,"16":1,"17":0,"18":1,"19":1,"20":1,"21":0,"22":0,"23":1,"24":1,"25":1,"26":0,"27":1,"28":0,"29":0,"30":6,"31":6,"32":1,"33":1,"34":6,"35":6,"36":6,"37":0,"38":0,"39":0,"40":0,"41":0,"42":1,"43":1,"44":0,"45":1,"46":0,"47":0,"48":0,"49":0,"50":0,"51":0,"52":0,"53":0,"54":0,"55":0,"56":0,"57":0,"58":0,"59":0,"60":1,"61":0,"62":1,"63":0,"64":0,"65":0,"66":0,"67":0,"68":0,"69":0,"70":0,"71":0,"72":6,"73":6,"74":6,"75":6,"76":6,"77":6,"78":6,"79":6,"80":66,"81":6,"82":6,"83":0,"84":6,"85":0,"86":0,"87":0,"88":0,"89":0,"90":0,"91":0,"92":0,"93":0,"94":0,"95":0,"96":0,"97":0,"98":0,"99":0,"100":0,"101":0,"102":0,"103":0,"104":0,"105":0,"106":0,"107":0,"108":0,"109":0,"110":0,"111":0,"112":0,"113":0,"114":0,"115":0,"116":0,"117":0,"118":0,"119":0,"120":0,"121":0,"122":0,"123":0,"124":0,"125":0,"126":0,"127":0,"128":0,"129":0,"130":0,"131":0,"132":0,"133":0,"134":0,"135":0,"136":0,"137":0,"138":0,"139":0,"140":0,"141":0,"142":0,"143":0,"144":0,"145":0,"146":0,"147":0,"148":0,"149":0,"150":0,"151":0,"152":0,"153":0,"154":0,"155":0,"156":0,"157":0,"158":0,"159":0,"160":0,"161":0,"162":0,"163":1},"f":{"0":0,"1":1,"2":6,"3":6,"4":0,"5":0,"6":1,"7":0,"8":0,"9":6,"10":66,"11":0,"12":0,"13":0,"14":0,"15":0,"16":0,"17":0,"18":0,"19":0,"20":0,"21":0},"b":{"0":[0,0],"1":[1,0],"2":[0,1],"3":[1,1],"4":[1,0],"5":[0,1],"6":[1,5],"7":[6,5],"8":[0],"9":[6,0],"10":[0,1],"11":[0,0],"12":[0,0],"13":[0,0],"14":[0,0],"15":[0,0],"16":[0,0],"17":[0,0],"18":[0,6],"19":[0,0],"20":[0,0],"21":[0,0],"22":[0,0],"23":[0,0],"24":[0,0],"25":[0,0],"26":[0,0],"27":[0,0],"28":[0,0],"29":[0,0],"30":[0,0],"31":[0,0],"32":[0,0],"33":[0,0],"34":[0,0],"35":[0,0],"36":[0,0],"37":[0,0],"38":[0,0],"39":[0,0],"40":[0,0],"41":[0],"42":[0,0],"43":[0,0,0],"44":[0,0],"45":[0,0],"46":[0,0],"47":[0,0],"48":[0,0],"49":[0,0,0],"50":[0,0],"51":[0,0],"52":[0,0]},"_coverageSchema":"1a1c01bbd47fc00a2c39e90264f33305004495a9","hash":"b4411928671c22dd2c82e34f2e1fda8e7ff09efb"}
,"D:\\WEBAPP\\MyAdamedia ALL\\myadamedia-billing\\config\\settingsValidator.js": {"path":"D:\\WEBAPP\\MyAdamedia ALL\\myadamedia-billing\\config\\settingsValidator.js","statementMap":{"0":{"start":{"line":5,"column":19},"end":{"line":5,"column":38}},"1":{"start":{"line":8,"column":25},"end":{"line":309,"column":1}},"2":{"start":{"line":316,"column":21},"end":{"line":316,"column":26}},"3":{"start":{"line":317,"column":2},"end":{"line":319,"column":3}},"4":{"start":{"line":318,"column":4},"end":{"line":318,"column":32}},"5":{"start":{"line":322,"column":2},"end":{"line":326,"column":3}},"6":{"start":{"line":323,"column":4},"end":{"line":323,"column":79}},"7":{"start":{"line":323,"column":42},"end":{"line":323,"column":79}},"8":{"start":{"line":324,"column":4},"end":{"line":324,"column":97}},"9":{"start":{"line":324,"column":59},"end":{"line":324,"column":97}},"10":{"start":{"line":325,"column":4},"end":{"line":325,"column":98}},"11":{"start":{"line":325,"column":59},"end":{"line":325,"column":98}},"12":{"start":{"line":328,"column":2},"end":{"line":334,"column":3}},"13":{"start":{"line":329,"column":4},"end":{"line":329,"column":80}},"14":{"start":{"line":329,"column":42},"end":{"line":329,"column":80}},"15":{"start":{"line":330,"column":4},"end":{"line":330,"column":117}},"16":{"start":{"line":330,"column":64},"end":{"line":330,"column":117}},"17":{"start":{"line":331,"column":4},"end":{"line":331,"column":118}},"18":{"start":{"line":331,"column":64},"end":{"line":331,"column":118}},"19":{"start":{"line":332,"column":4},"end":{"line":332,"column":95}},"20":{"start":{"line":332,"column":58},"end":{"line":332,"column":95}},"21":{"start":{"line":333,"column":4},"end":{"line":333,"column":121}},"22":{"start":{"line":333,"column":56},"end":{"line":333,"column":121}},"23":{"start":{"line":336,"column":2},"end":{"line":338,"column":3}},"24":{"start":{"line":337,"column":4},"end":{"line":337,"column":82}},"25":{"start":{"line":337,"column":43},"end":{"line":337,"column":82}},"26":{"start":{"line":340,"column":2},"end":{"line":340,"column":14}},"27":{"start":{"line":347,"column":17},"end":{"line":347,"column":19}},"28":{"start":{"line":349,"column":2},"end":{"line":370,"column":5}},"29":{"start":{"line":350,"column":18},"end":{"line":350,"column":33}},"30":{"start":{"line":351,"column":17},"end":{"line":351,"column":40}},"31":{"start":{"line":354,"column":4},"end":{"line":354,"column":22}},"32":{"start":{"line":354,"column":15},"end":{"line":354,"column":22}},"33":{"start":{"line":357,"column":4},"end":{"line":360,"column":5}},"34":{"start":{"line":358,"column":6},"end":{"line":358,"column":42}},"35":{"start":{"line":359,"column":6},"end":{"line":359,"column":13}},"36":{"start":{"line":363,"column":4},"end":{"line":365,"column":5}},"37":{"start":{"line":364,"column":6},"end":{"line":364,"column":13}},"38":{"start":{"line":368,"column":18},"end":{"line":368,"column":51}},"39":{"start":{"line":369,"column":4},"end":{"line":369,"column":34}},"40":{"start":{"line":369,"column":15},"end":{"line":369,"column":34}},"41":{"start":{"line":372,"column":2},"end":{"line":375,"column":4}},"42":{"start":{"line":382,"column":2},"end":{"line":382,"column":41}},"43":{"start":{"line":389,"column":2},"end":{"line":389,"column":26}},"44":{"start":{"line":392,"column":0},"end":{"line":398,"column":2}}},"fnMap":{"0":{"name":"validateValue","decl":{"start":{"line":314,"column":9},"end":{"line":314,"column":22}},"loc":{"start":{"line":314,"column":43},"end":{"line":341,"column":1}},"line":314},"1":{"name":"validateSettings","decl":{"start":{"line":346,"column":9},"end":{"line":346,"column":25}},"loc":{"start":{"line":346,"column":36},"end":{"line":376,"column":1}},"line":346},"2":{"name":"(anonymous_2)","decl":{"start":{"line":349,"column":32},"end":{"line":349,"column":33}},"loc":{"start":{"line":349,"column":41},"end":{"line":370,"column":3}},"line":349},"3":{"name":"getFieldRule","decl":{"start":{"line":381,"column":9},"end":{"line":381,"column":21}},"loc":{"start":{"line":381,"column":29},"end":{"line":383,"column":1}},"line":381},"4":{"name":"getAllRules","decl":{"start":{"line":388,"column":9},"end":{"line":388,"column":20}},"loc":{"start":{"line":388,"column":23},"end":{"line":390,"column":1}},"line":388}},"branchMap":{"0":{"loc":{"start":{"line":317,"column":2},"end":{"line":319,"column":3}},"type":"if","locations":[{"start":{"line":317,"column":2},"end":{"line":319,"column":3}},{"start":{},"end":{}}],"line":317},"1":{"loc":{"start":{"line":322,"column":2},"end":{"line":326,"column":3}},"type":"if","locations":[{"start":{"line":322,"column":2},"end":{"line":326,"column":3}},{"start":{},"end":{}}],"line":322},"2":{"loc":{"start":{"line":323,"column":4},"end":{"line":323,"column":79}},"type":"if","locations":[{"start":{"line":323,"column":4},"end":{"line":323,"column":79}},{"start":{},"end":{}}],"line":323},"3":{"loc":{"start":{"line":324,"column":4},"end":{"line":324,"column":97}},"type":"if","locations":[{"start":{"line":324,"column":4},"end":{"line":324,"column":97}},{"start":{},"end":{}}],"line":324},"4":{"loc":{"start":{"line":324,"column":8},"end":{"line":324,"column":57}},"type":"binary-expr","locations":[{"start":{"line":324,"column":8},"end":{"line":324,"column":30}},{"start":{"line":324,"column":34},"end":{"line":324,"column":57}}],"line":324},"5":{"loc":{"start":{"line":325,"column":4},"end":{"line":325,"column":98}},"type":"if","locations":[{"start":{"line":325,"column":4},"end":{"line":325,"column":98}},{"start":{},"end":{}}],"line":325},"6":{"loc":{"start":{"line":325,"column":8},"end":{"line":325,"column":57}},"type":"binary-expr","locations":[{"start":{"line":325,"column":8},"end":{"line":325,"column":30}},{"start":{"line":325,"column":34},"end":{"line":325,"column":57}}],"line":325},"7":{"loc":{"start":{"line":328,"column":2},"end":{"line":334,"column":3}},"type":"if","locations":[{"start":{"line":328,"column":2},"end":{"line":334,"column":3}},{"start":{},"end":{}}],"line":328},"8":{"loc":{"start":{"line":329,"column":4},"end":{"line":329,"column":80}},"type":"if","locations":[{"start":{"line":329,"column":4},"end":{"line":329,"column":80}},{"start":{},"end":{}}],"line":329},"9":{"loc":{"start":{"line":330,"column":4},"end":{"line":330,"column":117}},"type":"if","locations":[{"start":{"line":330,"column":4},"end":{"line":330,"column":117}},{"start":{},"end":{}}],"line":330},"10":{"loc":{"start":{"line":330,"column":8},"end":{"line":330,"column":62}},"type":"binary-expr","locations":[{"start":{"line":330,"column":8},"end":{"line":330,"column":22}},{"start":{"line":330,"column":26},"end":{"line":330,"column":62}}],"line":330},"11":{"loc":{"start":{"line":331,"column":4},"end":{"line":331,"column":118}},"type":"if","locations":[{"start":{"line":331,"column":4},"end":{"line":331,"column":118}},{"start":{},"end":{}}],"line":331},"12":{"loc":{"start":{"line":331,"column":8},"end":{"line":331,"column":62}},"type":"binary-expr","locations":[{"start":{"line":331,"column":8},"end":{"line":331,"column":22}},{"start":{"line":331,"column":26},"end":{"line":331,"column":62}}],"line":331},"13":{"loc":{"start":{"line":332,"column":4},"end":{"line":332,"column":95}},"type":"if","locations":[{"start":{"line":332,"column":4},"end":{"line":332,"column":95}},{"start":{},"end":{}}],"line":332},"14":{"loc":{"start":{"line":332,"column":8},"end":{"line":332,"column":56}},"type":"binary-expr","locations":[{"start":{"line":332,"column":8},"end":{"line":332,"column":20}},{"start":{"line":332,"column":24},"end":{"line":332,"column":56}}],"line":332},"15":{"loc":{"start":{"line":333,"column":4},"end":{"line":333,"column":121}},"type":"if","locations":[{"start":{"line":333,"column":4},"end":{"line":333,"column":121}},{"start":{},"end":{}}],"line":333},"16":{"loc":{"start":{"line":333,"column":8},"end":{"line":333,"column":54}},"type":"binary-expr","locations":[{"start":{"line":333,"column":8},"end":{"line":333,"column":17}},{"start":{"line":333,"column":21},"end":{"line":333,"column":54}}],"line":333},"17":{"loc":{"start":{"line":336,"column":2},"end":{"line":338,"column":3}},"type":"if","locations":[{"start":{"line":336,"column":2},"end":{"line":338,"column":3}},{"start":{},"end":{}}],"line":336},"18":{"loc":{"start":{"line":337,"column":4},"end":{"line":337,"column":82}},"type":"if","locations":[{"start":{"line":337,"column":4},"end":{"line":337,"column":82}},{"start":{},"end":{}}],"line":337},"19":{"loc":{"start":{"line":354,"column":4},"end":{"line":354,"column":22}},"type":"if","locations":[{"start":{"line":354,"column":4},"end":{"line":354,"column":22}},{"start":{},"end":{}}],"line":354},"20":{"loc":{"start":{"line":357,"column":4},"end":{"line":360,"column":5}},"type":"if","locations":[{"start":{"line":357,"column":4},"end":{"line":360,"column":5}},{"start":{},"end":{}}],"line":357},"21":{"loc":{"start":{"line":357,"column":8},"end":{"line":357,"column":80}},"type":"binary-expr","locations":[{"start":{"line":357,"column":8},"end":{"line":357,"column":21}},{"start":{"line":357,"column":26},"end":{"line":357,"column":45}},{"start":{"line":357,"column":49},"end":{"line":357,"column":63}},{"start":{"line":357,"column":67},"end":{"line":357,"column":79}}],"line":357},"22":{"loc":{"start":{"line":363,"column":4},"end":{"line":365,"column":5}},"type":"if","locations":[{"start":{"line":363,"column":4},"end":{"line":365,"column":5}},{"start":{},"end":{}}],"line":363},"23":{"loc":{"start":{"line":363,"column":8},"end":{"line":363,"column":81}},"type":"binary-expr","locations":[{"start":{"line":363,"column":8},"end":{"line":363,"column":22}},{"start":{"line":363,"column":27},"end":{"line":363,"column":46}},{"start":{"line":363,"column":50},"end":{"line":363,"column":64}},{"start":{"line":363,"column":68},"end":{"line":363,"column":80}}],"line":363},"24":{"loc":{"start":{"line":369,"column":4},"end":{"line":369,"column":34}},"type":"if","locations":[{"start":{"line":369,"column":4},"end":{"line":369,"column":34}},{"start":{},"end":{}}],"line":369},"25":{"loc":{"start":{"line":382,"column":9},"end":{"line":382,"column":40}},"type":"binary-expr","locations":[{"start":{"line":382,"column":9},"end":{"line":382,"column":32}},{"start":{"line":382,"column":36},"end":{"line":382,"column":40}}],"line":382}},"s":{"0":0,"1":0,"2":0,"3":0,"4":0,"5":0,"6":0,"7":0,"8":0,"9":0,"10":0,"11":0,"12":0,"13":0,"14":0,"15":0,"16":0,"17":0,"18":0,"19":0,"20":0,"21":0,"22":0,"23":0,"24":0,"25":0,"26":0,"27":0,"28":0,"29":0,"30":0,"31":0,"32":0,"33":0,"34":0,"35":0,"36":0,"37":0,"38":0,"39":0,"40":0,"41":0,"42":0,"43":0,"44":0},"f":{"0":0,"1":0,"2":0,"3":0,"4":0},"b":{"0":[0,0],"1":[0,0],"2":[0,0],"3":[0,0],"4":[0,0],"5":[0,0],"6":[0,0],"7":[0,0],"8":[0,0],"9":[0,0],"10":[0,0],"11":[0,0],"12":[0,0],"13":[0,0],"14":[0,0],"15":[0,0],"16":[0,0],"17":[0,0],"18":[0,0],"19":[0,0],"20":[0,0],"21":[0,0,0,0],"22":[0,0],"23":[0,0,0,0],"24":[0,0],"25":[0,0]}}
,"D:\\WEBAPP\\MyAdamedia ALL\\myadamedia-billing\\utils\\mikhmonParser.js": {"path":"D:\\WEBAPP\\MyAdamedia ALL\\myadamedia-billing\\utils\\mikhmonParser.js","statementMap":{"0":{"start":{"line":21,"column":2},"end":{"line":21,"column":27}},"1":{"start":{"line":21,"column":15},"end":{"line":21,"column":27}},"2":{"start":{"line":22,"column":12},"end":{"line":22,"column":33}},"3":{"start":{"line":28,"column":19},"end":{"line":28,"column":100}},"4":{"start":{"line":29,"column":2},"end":{"line":38,"column":3}},"5":{"start":{"line":30,"column":17},"end":{"line":30,"column":35}},"6":{"start":{"line":31,"column":21},"end":{"line":31,"column":39}},"7":{"start":{"line":32,"column":21},"end":{"line":32,"column":39}},"8":{"start":{"line":33,"column":18},"end":{"line":33,"column":61}},"9":{"start":{"line":35,"column":4},"end":{"line":37,"column":5}},"10":{"start":{"line":36,"column":6},"end":{"line":36,"column":80}},"11":{"start":{"line":42,"column":21},"end":{"line":42,"column":49}},"12":{"start":{"line":43,"column":2},"end":{"line":49,"column":3}},"13":{"start":{"line":44,"column":18},"end":{"line":44,"column":39}},"14":{"start":{"line":45,"column":21},"end":{"line":45,"column":41}},"15":{"start":{"line":46,"column":4},"end":{"line":48,"column":5}},"16":{"start":{"line":47,"column":6},"end":{"line":47,"column":42}},"17":{"start":{"line":54,"column":20},"end":{"line":54,"column":67}},"18":{"start":{"line":55,"column":2},"end":{"line":59,"column":3}},"19":{"start":{"line":56,"column":18},"end":{"line":56,"column":38}},"20":{"start":{"line":57,"column":21},"end":{"line":57,"column":40}},"21":{"start":{"line":58,"column":4},"end":{"line":58,"column":40}},"22":{"start":{"line":62,"column":16},"end":{"line":62,"column":55}},"23":{"start":{"line":62,"column":38},"end":{"line":62,"column":54}},"24":{"start":{"line":63,"column":15},"end":{"line":63,"column":17}},"25":{"start":{"line":64,"column":2},"end":{"line":70,"column":3}},"26":{"start":{"line":64,"column":15},"end":{"line":64,"column":16}},"27":{"start":{"line":65,"column":17},"end":{"line":65,"column":62}},"28":{"start":{"line":66,"column":4},"end":{"line":69,"column":5}},"29":{"start":{"line":67,"column":6},"end":{"line":67,"column":17}},"30":{"start":{"line":68,"column":6},"end":{"line":68,"column":12}},"31":{"start":{"line":72,"column":2},"end":{"line":81,"column":3}},"32":{"start":{"line":73,"column":17},"end":{"line":73,"column":41}},"33":{"start":{"line":74,"column":21},"end":{"line":74,"column":45}},"34":{"start":{"line":75,"column":21},"end":{"line":75,"column":45}},"35":{"start":{"line":76,"column":18},"end":{"line":76,"column":61}},"36":{"start":{"line":78,"column":4},"end":{"line":80,"column":5}},"37":{"start":{"line":79,"column":6},"end":{"line":79,"column":80}},"38":{"start":{"line":83,"column":2},"end":{"line":83,"column":14}},"39":{"start":{"line":86,"column":0},"end":{"line":86,"column":41}}},"fnMap":{"0":{"name":"parseMikhmonOnLogin","decl":{"start":{"line":20,"column":9},"end":{"line":20,"column":28}},"loc":{"start":{"line":20,"column":37},"end":{"line":84,"column":1}},"line":20},"1":{"name":"(anonymous_1)","decl":{"start":{"line":62,"column":33},"end":{"line":62,"column":34}},"loc":{"start":{"line":62,"column":38},"end":{"line":62,"column":54}},"line":62}},"branchMap":{"0":{"loc":{"start":{"line":21,"column":2},"end":{"line":21,"column":27}},"type":"if","locations":[{"start":{"line":21,"column":2},"end":{"line":21,"column":27}},{"start":{},"end":{}}],"line":21},"1":{"loc":{"start":{"line":29,"column":2},"end":{"line":38,"column":3}},"type":"if","locations":[{"start":{"line":29,"column":2},"end":{"line":38,"column":3}},{"start":{},"end":{}}],"line":29},"2":{"loc":{"start":{"line":33,"column":18},"end":{"line":33,"column":61}},"type":"binary-expr","locations":[{"start":{"line":33,"column":18},"end":{"line":33,"column":56}},{"start":{"line":33,"column":60},"end":{"line":33,"column":61}}],"line":33},"3":{"loc":{"start":{"line":35,"column":4},"end":{"line":37,"column":5}},"type":"if","locations":[{"start":{"line":35,"column":4},"end":{"line":37,"column":5}},{"start":{},"end":{}}],"line":35},"4":{"loc":{"start":{"line":35,"column":8},"end":{"line":35,"column":29}},"type":"binary-expr","locations":[{"start":{"line":35,"column":8},"end":{"line":35,"column":16}},{"start":{"line":35,"column":20},"end":{"line":35,"column":29}}],"line":35},"5":{"loc":{"start":{"line":36,"column":38},"end":{"line":36,"column":77}},"type":"binary-expr","locations":[{"start":{"line":36,"column":38},"end":{"line":36,"column":72}},{"start":{"line":36,"column":76},"end":{"line":36,"column":77}}],"line":36},"6":{"loc":{"start":{"line":43,"column":2},"end":{"line":49,"column":3}},"type":"if","locations":[{"start":{"line":43,"column":2},"end":{"line":49,"column":3}},{"start":{},"end":{}}],"line":43},"7":{"loc":{"start":{"line":46,"column":4},"end":{"line":48,"column":5}},"type":"if","locations":[{"start":{"line":46,"column":4},"end":{"line":48,"column":5}},{"start":{},"end":{}}],"line":46},"8":{"loc":{"start":{"line":46,"column":8},"end":{"line":46,"column":29}},"type":"binary-expr","locations":[{"start":{"line":46,"column":8},"end":{"line":46,"column":17}},{"start":{"line":46,"column":21},"end":{"line":46,"column":29}}],"line":46},"9":{"loc":{"start":{"line":55,"column":2},"end":{"line":59,"column":3}},"type":"if","locations":[{"start":{"line":55,"column":2},"end":{"line":59,"column":3}},{"start":{},"end":{}}],"line":55},"10":{"loc":{"start":{"line":66,"column":4},"end":{"line":69,"column":5}},"type":"if","locations":[{"start":{"line":66,"column":4},"end":{"line":69,"column":5}},{"start":{},"end":{}}],"line":66},"11":{"loc":{"start":{"line":72,"column":2},"end":{"line":81,"column":3}},"type":"if","locations":[{"start":{"line":72,"column":2},"end":{"line":81,"column":3}},{"start":{},"end":{}}],"line":72},"12":{"loc":{"start":{"line":72,"column":6},"end":{"line":72,"column":46}},"type":"binary-expr","locations":[{"start":{"line":72,"column":6},"end":{"line":72,"column":17}},{"start":{"line":72,"column":21},"end":{"line":72,"column":46}}],"line":72},"13":{"loc":{"start":{"line":76,"column":18},"end":{"line":76,"column":61}},"type":"binary-expr","locations":[{"start":{"line":76,"column":18},"end":{"line":76,"column":56}},{"start":{"line":76,"column":60},"end":{"line":76,"column":61}}],"line":76},"14":{"loc":{"start":{"line":78,"column":4},"end":{"line":80,"column":5}},"type":"if","locations":[{"start":{"line":78,"column":4},"end":{"line":80,"column":5}},{"start":{},"end":{}}],"line":78},"15":{"loc":{"start":{"line":78,"column":8},"end":{"line":78,"column":29}},"type":"binary-expr","locations":[{"start":{"line":78,"column":8},"end":{"line":78,"column":16}},{"start":{"line":78,"column":20},"end":{"line":78,"column":29}}],"line":78},"16":{"loc":{"start":{"line":79,"column":38},"end":{"line":79,"column":77}},"type":"binary-expr","locations":[{"start":{"line":79,"column":38},"end":{"line":79,"column":72}},{"start":{"line":79,"column":76},"end":{"line":79,"column":77}}],"line":79}},"s":{"0":0,"1":0,"2":0,"3":0,"4":0,"5":0,"6":0,"7":0,"8":0,"9":0,"10":0,"11":0,"12":0,"13":0,"14":0,"15":0,"16":0,"17":0,"18":0,"19":0,"20":0,"21":0,"22":0,"23":0,"24":0,"25":0,"26":0,"27":0,"28":0,"29":0,"30":0,"31":0,"32":0,"33":0,"34":0,"35":0,"36":0,"37":0,"38":0,"39":0},"f":{"0":0,"1":0},"b":{"0":[0,0],"1":[0,0],"2":[0,0],"3":[0,0],"4":[0,0],"5":[0,0],"6":[0,0],"7":[0,0],"8":[0,0],"9":[0,0],"10":[0,0],"11":[0,0],"12":[0,0],"13":[0,0],"14":[0,0],"15":[0,0],"16":[0,0]}}
,"D:\\WEBAPP\\MyAdamedia ALL\\myadamedia-billing\\utils\\securityHelper.js": {"path":"D:\\WEBAPP\\MyAdamedia ALL\\myadamedia-billing\\utils\\securityHelper.js","statementMap":{"0":{"start":{"line":1,"column":15},"end":{"line":1,"column":32}},"1":{"start":{"line":4,"column":22},"end":{"line":9,"column":1}},"2":{"start":{"line":17,"column":2},"end":{"line":17,"column":27}},"3":{"start":{"line":17,"column":17},"end":{"line":17,"column":27}},"4":{"start":{"line":18,"column":15},"end":{"line":18,"column":53}},"5":{"start":{"line":19,"column":15},"end":{"line":23,"column":20}},"6":{"start":{"line":25,"column":2},"end":{"line":25,"column":116}},"7":{"start":{"line":35,"column":2},"end":{"line":35,"column":50}},"8":{"start":{"line":35,"column":37},"end":{"line":35,"column":50}},"9":{"start":{"line":38,"column":2},"end":{"line":54,"column":3}},"10":{"start":{"line":39,"column":18},"end":{"line":39,"column":44}},"11":{"start":{"line":40,"column":4},"end":{"line":53,"column":5}},"12":{"start":{"line":41,"column":72},"end":{"line":41,"column":77}},"13":{"start":{"line":42,"column":16},"end":{"line":42,"column":37}},"14":{"start":{"line":43,"column":16},"end":{"line":43,"column":42}},"15":{"start":{"line":44,"column":16},"end":{"line":44,"column":48}},"16":{"start":{"line":45,"column":21},"end":{"line":45,"column":52}},"17":{"start":{"line":47,"column":6},"end":{"line":52,"column":7}},"18":{"start":{"line":48,"column":24},"end":{"line":48,"column":94}},"19":{"start":{"line":49,"column":8},"end":{"line":49,"column":32}},"20":{"start":{"line":51,"column":8},"end":{"line":51,"column":21}},"21":{"start":{"line":57,"column":2},"end":{"line":57,"column":38}},"22":{"start":{"line":66,"column":2},"end":{"line":66,"column":86}},"23":{"start":{"line":69,"column":0},"end":{"line":73,"column":2}}},"fnMap":{"0":{"name":"hashPassword","decl":{"start":{"line":16,"column":9},"end":{"line":16,"column":21}},"loc":{"start":{"line":16,"column":32},"end":{"line":26,"column":1}},"line":16},"1":{"name":"verifyPassword","decl":{"start":{"line":34,"column":9},"end":{"line":34,"column":23}},"loc":{"start":{"line":34,"column":51},"end":{"line":58,"column":1}},"line":34},"2":{"name":"isHash","decl":{"start":{"line":65,"column":9},"end":{"line":65,"column":15}},"loc":{"start":{"line":65,"column":33},"end":{"line":67,"column":1}},"line":65}},"branchMap":{"0":{"loc":{"start":{"line":17,"column":2},"end":{"line":17,"column":27}},"type":"if","locations":[{"start":{"line":17,"column":2},"end":{"line":17,"column":27}},{"start":{},"end":{}}],"line":17},"1":{"loc":{"start":{"line":35,"column":2},"end":{"line":35,"column":50}},"type":"if","locations":[{"start":{"line":35,"column":2},"end":{"line":35,"column":50}},{"start":{},"end":{}}],"line":35},"2":{"loc":{"start":{"line":35,"column":6},"end":{"line":35,"column":35}},"type":"binary-expr","locations":[{"start":{"line":35,"column":6},"end":{"line":35,"column":15}},{"start":{"line":35,"column":19},"end":{"line":35,"column":35}}],"line":35},"3":{"loc":{"start":{"line":38,"column":2},"end":{"line":54,"column":3}},"type":"if","locations":[{"start":{"line":38,"column":2},"end":{"line":54,"column":3}},{"start":{},"end":{}}],"line":38},"4":{"loc":{"start":{"line":40,"column":4},"end":{"line":53,"column":5}},"type":"if","locations":[{"start":{"line":40,"column":4},"end":{"line":53,"column":5}},{"start":{},"end":{}}],"line":40},"5":{"loc":{"start":{"line":66,"column":9},"end":{"line":66,"column":85}},"type":"binary-expr","locations":[{"start":{"line":66,"column":9},"end":{"line":66,"column":44}},{"start":{"line":66,"column":48},"end":{"line":66,"column":85}}],"line":66}},"s":{"0":0,"1":0,"2":0,"3":0,"4":0,"5":0,"6":0,"7":0,"8":0,"9":0,"10":0,"11":0,"12":0,"13":0,"14":0,"15":0,"16":0,"17":0,"18":0,"19":0,"20":0,"21":0,"22":0,"23":0},"f":{"0":0,"1":0,"2":0},"b":{"0":[0,0],"1":[0,0],"2":[0,0],"3":[0,0],"4":[0,0],"5":[0,0]}}
}
