TN:
SF:services\whatsappGatewayRunner.js
FN:29,(anonymous_0)
FN:43,(anonymous_1)
FN:51,(anonymous_2)
FN:67,(anonymous_3)
FN:147,(anonymous_4)
FN:155,(anonymous_5)
FN:163,(anonymous_6)
FN:168,(anonymous_7)
FN:188,(anonymous_8)
FN:214,(anonymous_9)
FN:218,(anonymous_10)
FN:237,(anonymous_11)
FN:241,(anonymous_12)
FN:245,(anonymous_13)
FNF:14
FNH:14
FNDA:41,(anonymous_0)
FNDA:2,(anonymous_1)
FNDA:20,(anonymous_2)
FNDA:16,(anonymous_3)
FNDA:2,(anonymous_4)
FNDA:2,(anonymous_5)
FNDA:1,(anonymous_6)
FNDA:1,(anonymous_7)
FNDA:4,(anonymous_8)
FNDA:11,(anonymous_9)
FNDA:7,(anonymous_10)
FNDA:1,(anonymous_11)
FNDA:1,(anonymous_12)
FNDA:1,(anonymous_13)
DA:1,1
DA:2,1
DA:3,1
DA:4,1
DA:7,1
DA:10,1
DA:11,1
DA:13,1
DA:14,1
DA:17,1
DA:18,1
DA:30,41
DA:31,28
DA:33,13
DA:34,9
DA:36,4
DA:44,2
DA:52,20
DA:53,20
DA:54,14
DA:56,6
DA:57,5
DA:59,1
DA:68,16
DA:70,16
DA:71,1
DA:72,1
DA:75,15
DA:76,2
DA:77,1
DA:78,1
DA:80,1
DA:81,1
DA:83,2
DA:86,13
DA:87,1
DA:88,1
DA:91,12
DA:93,12
DA:94,12
DA:95,12
DA:96,10
DA:97,10
DA:98,9
DA:103,12
DA:104,12
DA:105,12
DA:106,12
DA:108,12
DA:109,10
DA:110,10
DA:111,10
DA:112,10
DA:121,2
DA:122,2
DA:123,2
DA:124,2
DA:135,12
DA:138,12
DA:144,11
DA:147,11
DA:148,2
DA:149,2
DA:150,1
DA:155,11
DA:156,2
DA:157,2
DA:158,1
DA:163,11
DA:164,1
DA:165,1
DA:168,11
DA:169,1
DA:170,1
DA:174,11
DA:176,11
DA:178,1
DA:179,1
DA:180,1
DA:189,4
DA:190,1
DA:193,3
DA:194,3
DA:197,3
DA:198,1
DA:200,2
DA:203,2
DA:204,2
DA:206,1
DA:207,1
DA:215,11
DA:216,1
DA:218,1
DA:219,7
DA:220,6
DA:222,6
DA:223,1
DA:224,1
DA:226,5
DA:231,6
DA:236,1
DA:237,1
DA:238,1
DA:239,1
DA:241,1
DA:242,1
DA:243,1
DA:245,1
DA:246,1
DA:247,1
DA:248,1
DA:253,1
LF:112
LH:112
BRDA:17,0,0,1
BRDA:17,0,1,1
BRDA:30,1,0,28
BRDA:30,1,1,13
BRDA:33,2,0,9
BRDA:33,2,1,4
BRDA:53,3,0,14
BRDA:53,3,1,6
BRDA:56,4,0,5
BRDA:56,4,1,1
BRDA:70,5,0,1
BRDA:70,5,1,15
BRDA:75,6,0,2
BRDA:75,6,1,13
BRDA:76,7,0,1
BRDA:76,7,1,1
BRDA:86,8,0,1
BRDA:86,8,1,12
BRDA:93,9,0,10
BRDA:93,9,1,2
BRDA:95,10,0,10
BRDA:95,10,1,2
BRDA:97,11,0,9
BRDA:97,11,1,1
BRDA:97,12,0,10
BRDA:97,12,1,9
BRDA:108,13,0,10
BRDA:108,13,1,2
BRDA:115,14,0,10
BRDA:115,14,1,1
BRDA:116,15,0,10
BRDA:116,15,1,1
BRDA:117,16,0,10
BRDA:117,16,1,1
BRDA:128,17,0,2
BRDA:128,17,1,1
BRDA:129,18,0,2
BRDA:129,18,1,1
BRDA:130,19,0,2
BRDA:130,19,1,1
BRDA:149,20,0,1
BRDA:149,20,1,1
BRDA:157,21,0,1
BRDA:157,21,1,1
BRDA:189,22,0,1
BRDA:189,22,1,3
BRDA:197,23,0,1
BRDA:197,23,1,2
BRDA:215,24,0,10
BRDA:215,24,1,1
BRDA:219,25,0,6
BRDA:219,25,1,1
BRDA:222,26,0,1
BRDA:222,26,1,5
BRF:54
BRH:54
end_of_record
