TN:
SF:config\settingsAudit.js
FN:21,logSettingsChange
FN:27,(anonymous_1)
FN:65,getChangeHistory
FN:69,(anonymous_3)
FN:70,(anonymous_4)
FN:83,getChangesByActor
FN:86,(anonymous_6)
FN:96,getChangesByField
FN:99,(anonymous_8)
FN:109,getChangesByDateRange
FN:115,(anonymous_10)
FN:128,exportAuditLog
FN:137,(anonymous_12)
FN:138,(anonymous_13)
FN:153,(anonymous_14)
FN:172,clearOldLogs
FN:176,(anonymous_16)
FN:180,(anonymous_17)
FN:202,getAuditStats
FN:208,(anonymous_19)
FN:215,(anonymous_20)
FN:220,(anonymous_21)
FNF:22
FNH:0
FNDA:0,logSettingsChange
FNDA:0,(anonymous_1)
FNDA:0,getChangeHistory
FNDA:0,(anonymous_3)
FNDA:0,(anonymous_4)
FNDA:0,getChangesByActor
FNDA:0,(anonymous_6)
FNDA:0,getChangesByField
FNDA:0,(anonymous_8)
FNDA:0,getChangesByDateRange
FNDA:0,(anonymous_10)
FNDA:0,exportAuditLog
FNDA:0,(anonymous_12)
FNDA:0,(anonymous_13)
FNDA:0,(anonymous_14)
FNDA:0,clearOldLogs
FNDA:0,(anonymous_16)
FNDA:0,(anonymous_17)
FNDA:0,getAuditStats
FNDA:0,(anonymous_19)
FNDA:0,(anonymous_20)
FNDA:0,(anonymous_21)
DA:5,0
DA:6,0
DA:7,0
DA:8,0
DA:10,0
DA:11,0
DA:14,0
DA:15,0
DA:22,0
DA:23,0
DA:26,0
DA:27,0
DA:28,0
DA:29,0
DA:34,0
DA:38,0
DA:48,0
DA:50,0
DA:55,0
DA:57,0
DA:58,0
DA:66,0
DA:67,0
DA:69,0
DA:70,0
DA:73,0
DA:75,0
DA:76,0
DA:84,0
DA:85,0
DA:86,0
DA:88,0
DA:89,0
DA:97,0
DA:98,0
DA:99,0
DA:101,0
DA:102,0
DA:110,0
DA:111,0
DA:112,0
DA:113,0
DA:115,0
DA:116,0
DA:117,0
DA:120,0
DA:121,0
DA:129,0
DA:130,0
DA:132,0
DA:134,0
DA:135,0
DA:137,0
DA:138,0
DA:139,0
DA:150,0
DA:153,0
DA:158,0
DA:164,0
DA:165,0
DA:173,0
DA:174,0
DA:176,0
DA:177,0
DA:178,0
DA:180,0
DA:181,0
DA:182,0
DA:183,0
DA:185,0
DA:189,0
DA:191,0
DA:192,0
DA:194,0
DA:195,0
DA:203,0
DA:204,0
DA:206,0
DA:208,0
DA:215,0
DA:217,0
DA:220,0
DA:221,0
DA:222,0
DA:226,0
DA:228,0
DA:230,0
DA:231,0
DA:235,0
LF:89
LH:0
BRDA:14,0,0,0
BRDA:14,0,1,0
BRDA:21,1,0,0
BRDA:28,2,0,0
BRDA:28,2,1,0
BRDA:40,3,0,0
BRDA:40,3,1,0
BRDA:42,4,0,0
BRDA:42,4,1,0
BRDA:43,5,0,0
BRDA:43,5,1,0
BRDA:65,6,0,0
BRDA:67,7,0,0
BRDA:67,7,1,0
BRDA:83,8,0,0
BRDA:96,9,0,0
BRDA:109,10,0,0
BRDA:117,11,0,0
BRDA:117,11,1,0
BRDA:128,12,0,0
BRDA:132,13,0,0
BRDA:132,13,1,0
BRDA:172,14,0,0
BRDA:174,15,0,0
BRDA:174,15,1,0
BRDA:212,16,0,0
BRDA:212,16,1,0
BRDA:217,17,0,0
BRDA:217,17,1,0
BRDA:222,18,0,0
BRDA:222,18,1,0
BRF:31
BRH:0
end_of_record
TN:
SF:config\settingsEncryption.js
FN:12,getMasterKeyForString
FN:19,getMasterKey
FN:41,encryptValue
FN:62,decryptWithKey
FN:84,decryptValue
FN:114,encryptSettings
FN:117,(anonymous_6)
FN:129,decryptSettings
FN:132,(anonymous_8)
FN:144,maskValue
FN:156,getMaskedSettings
FN:159,(anonymous_11)
FN:171,isSensitiveField
FNF:13
FNH:0
FNDA:0,getMasterKeyForString
FNDA:0,getMasterKey
FNDA:0,encryptValue
FNDA:0,decryptWithKey
FNDA:0,decryptValue
FNDA:0,encryptSettings
FNDA:0,(anonymous_6)
FNDA:0,decryptSettings
FNDA:0,(anonymous_8)
FNDA:0,maskValue
FNDA:0,getMaskedSettings
FNDA:0,(anonymous_11)
FNDA:0,isSensitiveField
DA:5,0
DA:6,0
DA:10,0
DA:13,0
DA:14,0
DA:15,0
DA:20,0
DA:24,0
DA:42,0
DA:44,0
DA:45,0
DA:46,0
DA:47,0
DA:49,0
DA:50,0
DA:52,0
DA:55,0
DA:57,0
DA:58,0
DA:63,0
DA:64,0
DA:65,0
DA:68,0
DA:69,0
DA:70,0
DA:72,0
DA:73,0
DA:75,0
DA:76,0
DA:78,0
DA:85,0
DA:86,0
DA:88,0
DA:89,0
DA:90,0
DA:93,0
DA:94,0
DA:95,0
DA:96,0
DA:97,0
DA:98,0
DA:99,0
DA:102,0
DA:105,0
DA:107,0
DA:115,0
DA:117,0
DA:118,0
DA:119,0
DA:123,0
DA:130,0
DA:132,0
DA:133,0
DA:134,0
DA:138,0
DA:145,0
DA:146,0
DA:148,0
DA:149,0
DA:150,0
DA:157,0
DA:159,0
DA:160,0
DA:161,0
DA:165,0
DA:172,0
DA:175,0
LF:67
LH:0
BRDA:10,0,0,0
BRDA:10,0,1,0
BRDA:42,1,0,0
BRDA:42,1,1,0
BRDA:42,2,0,0
BRDA:42,2,1,0
BRDA:64,3,0,0
BRDA:64,3,1,0
BRDA:85,4,0,0
BRDA:85,4,1,0
BRDA:85,5,0,0
BRDA:85,5,1,0
BRDA:86,6,0,0
BRDA:86,6,1,0
BRDA:94,7,0,0
BRDA:94,7,1,0
BRDA:118,8,0,0
BRDA:118,8,1,0
BRDA:133,9,0,0
BRDA:133,9,1,0
BRDA:145,10,0,0
BRDA:145,10,1,0
BRDA:145,11,0,0
BRDA:145,11,1,0
BRDA:146,12,0,0
BRDA:146,12,1,0
BRDA:160,13,0,0
BRDA:160,13,1,0
BRF:28
BRH:0
end_of_record
TN:
SF:config\settingsManager.js
FN:7,getSecureSessionSecretFallback
FN:24,getSettings
FN:57,getSettingsWithCache
FN:67,getSetting
FN:73,getSettingsByKeys
FN:76,(anonymous_5)
FN:83,startSettingsWatcher
FN:91,(anonymous_7)
FN:121,saveSettings
FN:139,getNowLocal
FN:157,(anonymous_10)
FN:162,(anonymous_11)
FN:171,getCurrentDateInTimezone
FN:186,(anonymous_13)
FN:209,getCurrentTimeInfo
FN:223,(anonymous_15)
FN:252,getNowLocalISO
FN:254,(anonymous_17)
FN:262,parseDateInTimezone
FN:279,formatDateLocal
FN:287,stopSettingsWatcher
FN:303,formatCustomerId
FNF:22
FNH:6
FNDA:0,getSecureSessionSecretFallback
FNDA:2,getSettings
FNDA:19,getSettingsWithCache
FNDA:11,getSetting
FNDA:0,getSettingsByKeys
FNDA:0,(anonymous_5)
FNDA:2,startSettingsWatcher
FNDA:0,(anonymous_7)
FNDA:0,saveSettings
FNDA:11,getNowLocal
FNDA:121,(anonymous_10)
FNDA:0,(anonymous_11)
FNDA:0,getCurrentDateInTimezone
FNDA:0,(anonymous_13)
FNDA:0,getCurrentTimeInfo
FNDA:0,(anonymous_15)
FNDA:0,getNowLocalISO
FNDA:0,(anonymous_17)
FNDA:0,parseDateInTimezone
FNDA:0,formatDateLocal
FNDA:0,stopSettingsWatcher
FNDA:0,formatCustomerId
DA:1,2
DA:2,2
DA:3,2
DA:4,2
DA:6,2
DA:8,0
DA:9,0
DA:11,0
DA:15,2
DA:16,2
DA:17,2
DA:20,2
DA:21,2
DA:25,2
DA:26,2
DA:29,2
DA:30,2
DA:31,0
DA:34,2
DA:35,2
DA:37,2
DA:38,0
DA:39,0
DA:42,2
DA:43,2
DA:44,2
DA:46,0
DA:49,2
DA:51,0
DA:52,0
DA:58,19
DA:59,19
DA:60,2
DA:61,2
DA:63,19
DA:68,11
DA:69,11
DA:74,0
DA:75,0
DA:76,0
DA:77,0
DA:79,0
DA:84,2
DA:86,2
DA:87,0
DA:91,2
DA:92,0
DA:94,0
DA:96,0
DA:97,0
DA:99,0
DA:100,0
DA:101,0
DA:102,0
DA:103,0
DA:104,0
DA:105,0
DA:107,0
DA:111,2
DA:113,0
DA:118,2
DA:122,0
DA:123,0
DA:124,0
DA:125,0
DA:126,0
DA:127,0
DA:128,0
DA:130,0
DA:131,0
DA:140,11
DA:141,11
DA:142,11
DA:143,11
DA:154,11
DA:155,11
DA:156,11
DA:157,121
DA:158,11
DA:159,11
DA:160,11
DA:162,0
DA:163,0
DA:172,0
DA:173,0
DA:175,0
DA:176,0
DA:184,0
DA:185,0
DA:186,0
DA:188,0
DA:189,0
DA:190,0
DA:191,0
DA:192,0
DA:193,0
DA:194,0
DA:196,0
DA:197,0
DA:198,0
DA:203,0
DA:210,0
DA:211,0
DA:212,0
DA:213,0
DA:221,0
DA:222,0
DA:223,0
DA:225,0
DA:226,0
DA:228,0
DA:237,0
DA:253,0
DA:254,0
DA:255,0
DA:263,0
DA:264,0
DA:266,0
DA:267,0
DA:269,0
DA:270,0
DA:271,0
DA:273,0
DA:280,0
DA:281,0
DA:282,0
DA:283,0
DA:284,0
DA:288,0
DA:289,0
DA:290,0
DA:304,0
DA:305,0
DA:306,0
DA:308,0
DA:309,0
DA:310,0
DA:311,0
DA:312,0
DA:314,0
DA:316,0
DA:317,0
DA:320,0
DA:321,0
DA:322,0
DA:325,0
DA:328,2
LF:147
LH:45
BRDA:8,0,0,0
BRDA:8,0,1,0
BRDA:26,1,0,2
BRDA:26,1,1,0
BRDA:30,2,0,0
BRDA:30,2,1,2
BRDA:30,3,0,2
BRDA:30,3,1,2
BRDA:35,4,0,2
BRDA:35,4,1,0
BRDA:37,5,0,0
BRDA:37,5,1,2
BRDA:59,6,0,2
BRDA:59,6,1,17
BRDA:59,7,0,19
BRDA:59,7,1,17
BRDA:67,8,0,0
BRDA:69,9,0,11
BRDA:69,9,1,0
BRDA:86,10,0,0
BRDA:86,10,1,2
BRDA:92,11,0,0
BRDA:92,11,1,0
BRDA:94,12,0,0
BRDA:94,12,1,0
BRDA:94,13,0,0
BRDA:94,13,1,0
BRDA:101,14,0,0
BRDA:101,14,1,0
BRDA:102,15,0,0
BRDA:102,15,1,0
BRDA:103,16,0,0
BRDA:103,16,1,0
BRDA:104,17,0,0
BRDA:104,17,1,0
BRDA:159,18,0,0
BRDA:159,18,1,11
BRDA:189,19,0,0
BRDA:189,19,1,0
BRDA:189,20,0,0
BRDA:189,20,1,0
BRDA:190,21,0,0
BRDA:190,21,1,0
BRDA:191,22,0,0
BRDA:191,22,1,0
BRDA:192,23,0,0
BRDA:192,23,1,0
BRDA:193,24,0,0
BRDA:193,24,1,0
BRDA:194,25,0,0
BRDA:194,25,1,0
BRDA:197,26,0,0
BRDA:197,26,1,0
BRDA:226,27,0,0
BRDA:226,27,1,0
BRDA:226,28,0,0
BRDA:226,28,1,0
BRDA:229,29,0,0
BRDA:229,29,1,0
BRDA:230,30,0,0
BRDA:230,30,1,0
BRDA:231,31,0,0
BRDA:231,31,1,0
BRDA:233,32,0,0
BRDA:233,32,1,0
BRDA:234,33,0,0
BRDA:234,33,1,0
BRDA:263,34,0,0
BRDA:263,34,1,0
BRDA:267,35,0,0
BRDA:267,35,1,0
BRDA:280,36,0,0
BRDA:280,36,1,0
BRDA:282,37,0,0
BRDA:282,37,1,0
BRDA:282,38,0,0
BRDA:282,38,1,0
BRDA:283,39,0,0
BRDA:283,39,1,0
BRDA:288,40,0,0
BRDA:288,40,1,0
BRDA:303,41,0,0
BRDA:304,42,0,0
BRDA:304,42,1,0
BRDA:304,43,0,0
BRDA:304,43,1,0
BRDA:304,43,2,0
BRDA:306,44,0,0
BRDA:306,44,1,0
BRDA:308,45,0,0
BRDA:308,45,1,0
BRDA:309,46,0,0
BRDA:309,46,1,0
BRDA:310,47,0,0
BRDA:310,47,1,0
BRDA:312,48,0,0
BRDA:312,48,1,0
BRDA:312,49,0,0
BRDA:312,49,1,0
BRDA:312,49,2,0
BRDA:316,50,0,0
BRDA:316,50,1,0
BRDA:321,51,0,0
BRDA:321,51,1,0
BRDA:321,52,0,0
BRDA:321,52,1,0
BRF:106
BRH:13
end_of_record
TN:
SF:config\settingsValidator.js
FN:314,validateValue
FN:346,validateSettings
FN:349,(anonymous_2)
FN:381,getFieldRule
FN:388,getAllRules
FNF:5
FNH:0
FNDA:0,validateValue
FNDA:0,validateSettings
FNDA:0,(anonymous_2)
FNDA:0,getFieldRule
FNDA:0,getAllRules
DA:5,0
DA:8,0
DA:316,0
DA:317,0
DA:318,0
DA:322,0
DA:323,0
DA:324,0
DA:325,0
DA:328,0
DA:329,0
DA:330,0
DA:331,0
DA:332,0
DA:333,0
DA:336,0
DA:337,0
DA:340,0
DA:347,0
DA:349,0
DA:350,0
DA:351,0
DA:354,0
DA:357,0
DA:358,0
DA:359,0
DA:363,0
DA:364,0
DA:368,0
DA:369,0
DA:372,0
DA:382,0
DA:389,0
DA:392,0
LF:34
LH:0
BRDA:317,0,0,0
BRDA:317,0,1,0
BRDA:322,1,0,0
BRDA:322,1,1,0
BRDA:323,2,0,0
BRDA:323,2,1,0
BRDA:324,3,0,0
BRDA:324,3,1,0
BRDA:324,4,0,0
BRDA:324,4,1,0
BRDA:325,5,0,0
BRDA:325,5,1,0
BRDA:325,6,0,0
BRDA:325,6,1,0
BRDA:328,7,0,0
BRDA:328,7,1,0
BRDA:329,8,0,0
BRDA:329,8,1,0
BRDA:330,9,0,0
BRDA:330,9,1,0
BRDA:330,10,0,0
BRDA:330,10,1,0
BRDA:331,11,0,0
BRDA:331,11,1,0
BRDA:331,12,0,0
BRDA:331,12,1,0
BRDA:332,13,0,0
BRDA:332,13,1,0
BRDA:332,14,0,0
BRDA:332,14,1,0
BRDA:333,15,0,0
BRDA:333,15,1,0
BRDA:333,16,0,0
BRDA:333,16,1,0
BRDA:336,17,0,0
BRDA:336,17,1,0
BRDA:337,18,0,0
BRDA:337,18,1,0
BRDA:354,19,0,0
BRDA:354,19,1,0
BRDA:357,20,0,0
BRDA:357,20,1,0
BRDA:357,21,0,0
BRDA:357,21,1,0
BRDA:357,21,2,0
BRDA:357,21,3,0
BRDA:363,22,0,0
BRDA:363,22,1,0
BRDA:363,23,0,0
BRDA:363,23,1,0
BRDA:363,23,2,0
BRDA:363,23,3,0
BRDA:369,24,0,0
BRDA:369,24,1,0
BRDA:382,25,0,0
BRDA:382,25,1,0
BRF:56
BRH:0
end_of_record
TN:
SF:utils\mikhmonParser.js
FN:20,parseMikhmonOnLogin
FN:62,(anonymous_1)
FNF:2
FNH:0
FNDA:0,parseMikhmonOnLogin
FNDA:0,(anonymous_1)
DA:21,0
DA:22,0
DA:28,0
DA:29,0
DA:30,0
DA:31,0
DA:32,0
DA:33,0
DA:35,0
DA:36,0
DA:42,0
DA:43,0
DA:44,0
DA:45,0
DA:46,0
DA:47,0
DA:54,0
DA:55,0
DA:56,0
DA:57,0
DA:58,0
DA:62,0
DA:63,0
DA:64,0
DA:65,0
DA:66,0
DA:67,0
DA:68,0
DA:72,0
DA:73,0
DA:74,0
DA:75,0
DA:76,0
DA:78,0
DA:79,0
DA:83,0
DA:86,0
LF:37
LH:0
BRDA:21,0,0,0
BRDA:21,0,1,0
BRDA:29,1,0,0
BRDA:29,1,1,0
BRDA:33,2,0,0
BRDA:33,2,1,0
BRDA:35,3,0,0
BRDA:35,3,1,0
BRDA:35,4,0,0
BRDA:35,4,1,0
BRDA:36,5,0,0
BRDA:36,5,1,0
BRDA:43,6,0,0
BRDA:43,6,1,0
BRDA:46,7,0,0
BRDA:46,7,1,0
BRDA:46,8,0,0
BRDA:46,8,1,0
BRDA:55,9,0,0
BRDA:55,9,1,0
BRDA:66,10,0,0
BRDA:66,10,1,0
BRDA:72,11,0,0
BRDA:72,11,1,0
BRDA:72,12,0,0
BRDA:72,12,1,0
BRDA:76,13,0,0
BRDA:76,13,1,0
BRDA:78,14,0,0
BRDA:78,14,1,0
BRDA:78,15,0,0
BRDA:78,15,1,0
BRDA:79,16,0,0
BRDA:79,16,1,0
BRF:34
BRH:0
end_of_record
TN:
SF:utils\securityHelper.js
FN:16,hashPassword
FN:34,verifyPassword
FN:65,isHash
FNF:3
FNH:0
FNDA:0,hashPassword
FNDA:0,verifyPassword
FNDA:0,isHash
DA:1,0
DA:4,0
DA:17,0
DA:18,0
DA:19,0
DA:25,0
DA:35,0
DA:38,0
DA:39,0
DA:40,0
DA:41,0
DA:42,0
DA:43,0
DA:44,0
DA:45,0
DA:47,0
DA:48,0
DA:49,0
DA:51,0
DA:57,0
DA:66,0
DA:69,0
LF:22
LH:0
BRDA:17,0,0,0
BRDA:17,0,1,0
BRDA:35,1,0,0
BRDA:35,1,1,0
BRDA:35,2,0,0
BRDA:35,2,1,0
BRDA:38,3,0,0
BRDA:38,3,1,0
BRDA:40,4,0,0
BRDA:40,4,1,0
BRDA:66,5,0,0
BRDA:66,5,1,0
BRF:12
BRH:0
end_of_record
